2019-04-09 20:49:51.937 [main] INFO  com.jsh.erp.ErpApplication - Starting ErpApplication on DESKTOP-EBQE0QJ with PID 10404 (D:\IdeaProjects\JSH_ERP\target\classes started by HY in D:\IdeaProjects\JSH_ERP)
2019-04-09 20:49:51.950 [main] INFO  com.jsh.erp.ErpApplication - No active profile set, falling back to default profiles: default
2019-04-09 20:49:52.188 [main] INFO  o.s.b.w.s.c.AnnotationConfigServletWebServerApplicationContext - Refreshing org.springframework.boot.web.servlet.context.AnnotationConfigServletWebServerApplicationContext@44d52de2: startup date [Tue Apr 09 20:49:52 CST 2019]; root of context hierarchy
2019-04-09 20:49:58.432 [main] INFO  o.s.boot.web.embedded.tomcat.TomcatWebServer - Tomcat initialized with port(s): 8080 (http)
2019-04-09 20:49:58.486 [main] INFO  org.apache.coyote.http11.Http11NioProtocol - Initializing ProtocolHandler ["http-nio-8080"]
2019-04-09 20:49:58.521 [main] INFO  org.apache.catalina.core.StandardService - Starting service [Tomcat]
2019-04-09 20:49:58.522 [main] INFO  org.apache.catalina.core.StandardEngine - Starting Servlet Engine: Apache Tomcat/8.5.28
2019-04-09 20:49:58.539 [localhost-startStop-1] INFO  org.apache.catalina.core.AprLifecycleListener - The APR based Apache Tomcat Native library which allows optimal performance in production environments was not found on the java.library.path: [C:\Program Files\Java\jdk1.8.0_171\bin;C:\WINDOWS\Sun\Java\bin;C:\WINDOWS\system32;C:\WINDOWS;D:\软件\apache-maven-3.3.9-bin\bin;C:\Windows\System32;D:\Program Files\bin;C:\Program Files\Java\jdk1.8.0_171\bin;D:\SVN\bin;C:\Program Files\TortoiseSVN\bin;D:\soft\Git\Git\cmd;D:\soft\TortoiseGit\bin;;.]
2019-04-09 20:49:59.451 [localhost-startStop-1] INFO  o.a.c.core.ContainerBase.[Tomcat].[localhost].[/] - Initializing Spring embedded WebApplicationContext
2019-04-09 20:49:59.452 [localhost-startStop-1] INFO  org.springframework.web.context.ContextLoader - Root WebApplicationContext: initialization completed in 7264 ms
2019-04-09 20:49:59.892 [localhost-startStop-1] INFO  o.s.boot.web.servlet.ServletRegistrationBean - Servlet dispatcherServlet mapped to [/]
2019-04-09 20:49:59.898 [localhost-startStop-1] INFO  o.s.boot.web.servlet.FilterRegistrationBean - Mapping filter: 'characterEncodingFilter' to: [/*]
2019-04-09 20:49:59.899 [localhost-startStop-1] INFO  o.s.boot.web.servlet.FilterRegistrationBean - Mapping filter: 'hiddenHttpMethodFilter' to: [/*]
2019-04-09 20:49:59.899 [localhost-startStop-1] INFO  o.s.boot.web.servlet.FilterRegistrationBean - Mapping filter: 'httpPutFormContentFilter' to: [/*]
2019-04-09 20:49:59.900 [localhost-startStop-1] INFO  o.s.boot.web.servlet.FilterRegistrationBean - Mapping filter: 'requestContextFilter' to: [/*]
2019-04-09 20:49:59.900 [localhost-startStop-1] INFO  o.s.boot.web.servlet.FilterRegistrationBean - Mapping filter: 'LogCostFilter' to urls: [/*]
2019-04-09 20:50:03.417 [main] INFO  o.s.w.s.m.m.a.RequestMappingHandlerAdapter - Looking for @ControllerAdvice: org.springframework.boot.web.servlet.context.AnnotationConfigServletWebServerApplicationContext@44d52de2: startup date [Tue Apr 09 20:49:52 CST 2019]; root of context hierarchy
2019-04-09 20:50:03.580 [main] INFO  o.s.w.s.m.m.a.RequestMappingHandlerMapping - Mapped "{[/account/findAccountInOutList],methods=[GET]}" onto public com.jsh.erp.utils.BaseResponseInfo com.jsh.erp.controller.AccountController.findAccountInOutList(java.lang.Integer,java.lang.Integer,java.lang.Long,java.math.BigDecimal,javax.servlet.http.HttpServletRequest)
2019-04-09 20:50:03.582 [main] INFO  o.s.w.s.m.m.a.RequestMappingHandlerMapping - Mapped "{[/account/updateAmountIsDefault],methods=[POST]}" onto public java.lang.String com.jsh.erp.controller.AccountController.updateAmountIsDefault(java.lang.Boolean,java.lang.Long,javax.servlet.http.HttpServletRequest)
2019-04-09 20:50:03.582 [main] INFO  o.s.w.s.m.m.a.RequestMappingHandlerMapping - Mapped "{[/account/getAccount],methods=[GET]}" onto public com.jsh.erp.utils.BaseResponseInfo com.jsh.erp.controller.AccountController.getAccount(javax.servlet.http.HttpServletRequest)
2019-04-09 20:50:03.582 [main] INFO  o.s.w.s.m.m.a.RequestMappingHandlerMapping - Mapped "{[/account/findBySelect],methods=[GET]}" onto public java.lang.String com.jsh.erp.controller.AccountController.findBySelect(javax.servlet.http.HttpServletRequest)
2019-04-09 20:50:03.584 [main] INFO  o.s.w.s.m.m.a.RequestMappingHandlerMapping - Mapped "{[/accountHead/getMaxId],methods=[GET]}" onto public com.jsh.erp.utils.BaseResponseInfo com.jsh.erp.controller.AccountHeadController.getMaxId(javax.servlet.http.HttpServletRequest)
2019-04-09 20:50:03.584 [main] INFO  o.s.w.s.m.m.a.RequestMappingHandlerMapping - Mapped "{[/accountHead/findTotalPay],methods=[GET]}" onto public com.jsh.erp.utils.BaseResponseInfo com.jsh.erp.controller.AccountHeadController.findTotalPay(java.lang.Integer,java.lang.String,java.lang.String,javax.servlet.http.HttpServletRequest)
2019-04-09 20:50:03.584 [main] INFO  o.s.w.s.m.m.a.RequestMappingHandlerMapping - Mapped "{[/accountHead/getDetailByNumber],methods=[GET]}" onto public com.jsh.erp.utils.BaseResponseInfo com.jsh.erp.controller.AccountHeadController.getDetailByNumber(java.lang.String,javax.servlet.http.HttpServletRequest)
2019-04-09 20:50:03.585 [main] INFO  o.s.w.s.m.m.a.RequestMappingHandlerMapping - Mapped "{[/accountItem/saveDetials],methods=[POST]}" onto public java.lang.String com.jsh.erp.controller.AccountItemController.saveDetials(java.lang.String,java.lang.String,java.lang.String,java.lang.Long,java.lang.String,javax.servlet.http.HttpServletRequest)
2019-04-09 20:50:03.586 [main] INFO  o.s.w.s.m.m.a.RequestMappingHandlerMapping - Mapped "{[/accountItem/getDetailList],methods=[GET]}" onto public com.jsh.erp.utils.BaseResponseInfo com.jsh.erp.controller.AccountItemController.getDetailList(java.lang.Long,javax.servlet.http.HttpServletRequest)
2019-04-09 20:50:03.588 [main] INFO  o.s.w.s.m.m.a.RequestMappingHandlerMapping - Mapped "{[/app/findDesk],methods=[GET]}" onto public com.alibaba.fastjson.JSONObject com.jsh.erp.controller.AppController.findDesk(javax.servlet.http.HttpServletRequest)
2019-04-09 20:50:03.588 [main] INFO  o.s.w.s.m.m.a.RequestMappingHandlerMapping - Mapped "{[/app/uploadImg],methods=[POST]}" onto public com.jsh.erp.utils.BaseResponseInfo com.jsh.erp.controller.AppController.uploadImg(org.springframework.web.multipart.MultipartFile,java.lang.String,javax.servlet.http.HttpServletRequest)
2019-04-09 20:50:03.589 [main] INFO  o.s.w.s.m.m.a.RequestMappingHandlerMapping - Mapped "{[/app/findAppByUserId],methods=[GET]}" onto public com.alibaba.fastjson.JSONObject com.jsh.erp.controller.AppController.findAppByUserId(java.lang.String,javax.servlet.http.HttpServletRequest)
2019-04-09 20:50:03.589 [main] INFO  o.s.w.s.m.m.a.RequestMappingHandlerMapping - Mapped "{[/app/findRoleAPP],methods=[POST]}" onto public com.alibaba.fastjson.JSONArray com.jsh.erp.controller.AppController.findRoleAPP(java.lang.String,java.lang.String,javax.servlet.http.HttpServletRequest)
2019-04-09 20:50:03.590 [main] INFO  o.s.w.s.m.m.a.RequestMappingHandlerMapping - Mapped "{[/depot/findDepotByUserId]}" onto public com.alibaba.fastjson.JSONArray com.jsh.erp.controller.DepotController.findDepotByUserId(java.lang.String,java.lang.String,javax.servlet.http.HttpServletRequest)
2019-04-09 20:50:03.591 [main] INFO  o.s.w.s.m.m.a.RequestMappingHandlerMapping - Mapped "{[/depot/getAllList],methods=[GET]}" onto public com.jsh.erp.utils.BaseResponseInfo com.jsh.erp.controller.DepotController.getAllList(javax.servlet.http.HttpServletRequest)
2019-04-09 20:50:03.591 [main] INFO  o.s.w.s.m.m.a.RequestMappingHandlerMapping - Mapped "{[/depot/findUserDepot],methods=[POST]}" onto public com.alibaba.fastjson.JSONArray com.jsh.erp.controller.DepotController.findUserDepot(java.lang.String,java.lang.String,javax.servlet.http.HttpServletRequest)
2019-04-09 20:50:03.591 [main] INFO  o.s.w.s.m.m.a.RequestMappingHandlerMapping - Mapped "{[/depot/getDepotList]}" onto public java.lang.String com.jsh.erp.controller.DepotController.getDepotList(java.lang.Integer,java.lang.Integer,java.lang.String)
2019-04-09 20:50:03.598 [main] INFO  o.s.w.s.m.m.a.RequestMappingHandlerMapping - Mapped "{[/depotHead/getMaxId],methods=[GET]}" onto public com.jsh.erp.utils.BaseResponseInfo com.jsh.erp.controller.DepotHeadController.getMaxId(javax.servlet.http.HttpServletRequest)
2019-04-09 20:50:03.599 [main] INFO  o.s.w.s.m.m.a.RequestMappingHandlerMapping - Mapped "{[/depotHead/findTotalPay],methods=[GET]}" onto public com.jsh.erp.utils.BaseResponseInfo com.jsh.erp.controller.DepotHeadController.findTotalPay(java.lang.Integer,java.lang.String,java.lang.String,javax.servlet.http.HttpServletRequest)
2019-04-09 20:50:03.599 [main] INFO  o.s.w.s.m.m.a.RequestMappingHandlerMapping - Mapped "{[/depotHead/getDetailByNumber],methods=[GET]}" onto public com.jsh.erp.utils.BaseResponseInfo com.jsh.erp.controller.DepotHeadController.getDetailByNumber(java.lang.String,javax.servlet.http.HttpServletRequest)
2019-04-09 20:50:03.599 [main] INFO  o.s.w.s.m.m.a.RequestMappingHandlerMapping - Mapped "{[/depotHead/addDepotHeadAndDetail]}" onto public java.lang.Object com.jsh.erp.controller.DepotHeadController.addDepotHeadAndDetail(java.lang.String,java.lang.String,java.lang.String,java.lang.String,javax.servlet.http.HttpServletRequest) throws java.lang.Exception
2019-04-09 20:50:03.600 [main] INFO  o.s.w.s.m.m.a.RequestMappingHandlerMapping - Mapped "{[/depotHead/findInOutMaterialCount],methods=[GET]}" onto public com.jsh.erp.utils.BaseResponseInfo com.jsh.erp.controller.DepotHeadController.findInOutMaterialCount(java.lang.Integer,java.lang.Integer,java.lang.Integer,java.lang.Integer,java.lang.String,java.lang.String,java.lang.String,java.lang.String,javax.servlet.http.HttpServletRequest)
2019-04-09 20:50:03.600 [main] INFO  o.s.w.s.m.m.a.RequestMappingHandlerMapping - Mapped "{[/depotHead/buildNumber],methods=[GET]}" onto public com.jsh.erp.utils.BaseResponseInfo com.jsh.erp.controller.DepotHeadController.buildNumber(javax.servlet.http.HttpServletRequest)
2019-04-09 20:50:03.600 [main] INFO  o.s.w.s.m.m.a.RequestMappingHandlerMapping - Mapped "{[/depotHead/findByMonth],methods=[GET]}" onto public com.jsh.erp.utils.BaseResponseInfo com.jsh.erp.controller.DepotHeadController.findByMonth(java.lang.String,javax.servlet.http.HttpServletRequest)
2019-04-09 20:50:03.600 [main] INFO  o.s.w.s.m.m.a.RequestMappingHandlerMapping - Mapped "{[/depotHead/findInDetail],methods=[GET]}" onto public com.jsh.erp.utils.BaseResponseInfo com.jsh.erp.controller.DepotHeadController.findInDetail(java.lang.Integer,java.lang.Integer,java.lang.Integer,java.lang.Integer,java.lang.String,java.lang.String,java.lang.String,java.lang.String,javax.servlet.http.HttpServletRequest)
2019-04-09 20:50:03.601 [main] INFO  o.s.w.s.m.m.a.RequestMappingHandlerMapping - Mapped "{[/depotHead/findStatementAccount],methods=[GET]}" onto public com.jsh.erp.utils.BaseResponseInfo com.jsh.erp.controller.DepotHeadController.findStatementAccount(java.lang.Integer,java.lang.Integer,java.lang.String,java.lang.String,java.lang.Integer,java.lang.String,javax.servlet.http.HttpServletRequest)
2019-04-09 20:50:03.601 [main] INFO  o.s.w.s.m.m.a.RequestMappingHandlerMapping - Mapped "{[/depotHead/updateDepotHeadAndDetail]}" onto public java.lang.Object com.jsh.erp.controller.DepotHeadController.updateDepotHeadAndDetail(java.lang.Long,java.lang.String,java.lang.String,java.lang.String,java.lang.String,java.math.BigDecimal) throws java.lang.Exception
2019-04-09 20:50:03.602 [main] INFO  o.s.w.s.m.m.a.RequestMappingHandlerMapping - Mapped "{[/depotHead/batchSetStatus],methods=[POST]}" onto public java.lang.String com.jsh.erp.controller.DepotHeadController.batchSetStatus(java.lang.String,java.lang.String,javax.servlet.http.HttpServletRequest)
2019-04-09 20:50:03.602 [main] INFO  o.s.w.s.m.m.a.RequestMappingHandlerMapping - Mapped "{[/depotHead/deleteDepotHeadAndDetail]}" onto public java.lang.Object com.jsh.erp.controller.DepotHeadController.deleteDepotHeadAndDetail(java.lang.Long) throws java.lang.Exception
2019-04-09 20:50:03.602 [main] INFO  o.s.w.s.m.m.a.RequestMappingHandlerMapping - Mapped "{[/depotHead/batchDeleteDepotHeadAndDetail]}" onto public java.lang.Object com.jsh.erp.controller.DepotHeadController.batchDeleteDepotHeadAndDetail(java.lang.String) throws java.lang.Exception
2019-04-09 20:50:03.605 [main] INFO  o.s.w.s.m.m.a.RequestMappingHandlerMapping - Mapped "{[/depotItem/buyIn],methods=[GET]}" onto public com.jsh.erp.utils.BaseResponseInfo com.jsh.erp.controller.DepotItemController.buyIn(java.lang.Integer,java.lang.Integer,java.lang.String,java.lang.String,java.lang.String,java.lang.String,javax.servlet.http.HttpServletRequest)
2019-04-09 20:50:03.605 [main] INFO  o.s.w.s.m.m.a.RequestMappingHandlerMapping - Mapped "{[/depotItem/saleOut],methods=[GET]}" onto public com.jsh.erp.utils.BaseResponseInfo com.jsh.erp.controller.DepotItemController.saleOut(java.lang.Integer,java.lang.Integer,java.lang.String,java.lang.String,java.lang.String,java.lang.String,javax.servlet.http.HttpServletRequest)
2019-04-09 20:50:03.605 [main] INFO  o.s.w.s.m.m.a.RequestMappingHandlerMapping - Mapped "{[/depotItem/saveDetials],methods=[POST]}" onto public java.lang.String com.jsh.erp.controller.DepotItemController.saveDetials(java.lang.String,java.lang.String,java.lang.String,java.lang.Long,javax.servlet.http.HttpServletRequest) throws java.lang.Exception
2019-04-09 20:50:03.606 [main] INFO  o.s.w.s.m.m.a.RequestMappingHandlerMapping - Mapped "{[/depotItem/getDetailList],methods=[GET]}" onto public com.jsh.erp.utils.BaseResponseInfo com.jsh.erp.controller.DepotItemController.getDetailList(java.lang.Long,java.lang.String,javax.servlet.http.HttpServletRequest)
2019-04-09 20:50:03.606 [main] INFO  o.s.w.s.m.m.a.RequestMappingHandlerMapping - Mapped "{[/depotItem/findByAll],methods=[GET]}" onto public com.jsh.erp.utils.BaseResponseInfo com.jsh.erp.controller.DepotItemController.findByAll(java.lang.Integer,java.lang.Integer,java.lang.Integer,java.lang.String,java.lang.String,java.lang.String,java.lang.String,javax.servlet.http.HttpServletRequest)
2019-04-09 20:50:03.606 [main] INFO  o.s.w.s.m.m.a.RequestMappingHandlerMapping - Mapped "{[/depotItem/totalCountMoney],methods=[GET]}" onto public com.jsh.erp.utils.BaseResponseInfo com.jsh.erp.controller.DepotItemController.totalCountMoney(java.lang.Integer,java.lang.String,java.lang.String,java.lang.String,javax.servlet.http.HttpServletRequest)
2019-04-09 20:50:03.607 [main] INFO  o.s.w.s.m.m.a.RequestMappingHandlerMapping - Mapped "{[/depotItem/exportExcel],methods=[GET]}" onto public com.jsh.erp.utils.BaseResponseInfo com.jsh.erp.controller.DepotItemController.exportExcel(java.lang.Integer,java.lang.Integer,java.lang.Integer,java.lang.String,java.lang.String,java.lang.String,javax.servlet.http.HttpServletRequest,javax.servlet.http.HttpServletResponse)
2019-04-09 20:50:03.607 [main] INFO  o.s.w.s.m.m.a.RequestMappingHandlerMapping - Mapped "{[/depotItem/findStockNumById],methods=[GET]}" onto public java.lang.String com.jsh.erp.controller.DepotItemController.findStockNumById(java.lang.Integer,java.lang.Integer,java.lang.Integer,java.lang.String,java.lang.String,javax.servlet.http.HttpServletRequest)
2019-04-09 20:50:03.607 [main] INFO  o.s.w.s.m.m.a.RequestMappingHandlerMapping - Mapped "{[/depotItem/getHeaderIdByMaterial],methods=[GET]}" onto public com.jsh.erp.utils.BaseResponseInfo com.jsh.erp.controller.DepotItemController.getHeaderIdByMaterial(java.lang.String,java.lang.String,javax.servlet.http.HttpServletRequest)
2019-04-09 20:50:03.607 [main] INFO  o.s.w.s.m.m.a.RequestMappingHandlerMapping - Mapped "{[/depotItem/findStockNumByMaterialId],methods=[GET]}" onto public java.lang.String com.jsh.erp.controller.DepotItemController.findStockNumByMaterialId(java.lang.Integer,java.lang.Integer,java.lang.String,java.lang.String,javax.servlet.http.HttpServletRequest)
2019-04-09 20:50:03.607 [main] INFO  o.s.w.s.m.m.a.RequestMappingHandlerMapping - Mapped "{[/depotItem/findDetailByTypeAndMaterialId],methods=[GET]}" onto public java.lang.String com.jsh.erp.controller.DepotItemController.findDetailByTypeAndMaterialId(java.lang.Integer,java.lang.Integer,java.lang.String,javax.servlet.http.HttpServletRequest)
2019-04-09 20:50:03.610 [main] INFO  o.s.w.s.m.m.a.RequestMappingHandlerMapping - Mapped "{[/functions/findMenu],methods=[POST]}" onto public com.alibaba.fastjson.JSONArray com.jsh.erp.controller.FunctionsController.findMenu(java.lang.String,java.lang.String,javax.servlet.http.HttpServletRequest)
2019-04-09 20:50:03.610 [main] INFO  o.s.w.s.m.m.a.RequestMappingHandlerMapping - Mapped "{[/functions/findByIds],methods=[GET]}" onto public com.jsh.erp.utils.BaseResponseInfo com.jsh.erp.controller.FunctionsController.findByIds(java.lang.String,javax.servlet.http.HttpServletRequest)
2019-04-09 20:50:03.610 [main] INFO  o.s.w.s.m.m.a.RequestMappingHandlerMapping - Mapped "{[/functions/findRoleFunctions],methods=[POST]}" onto public com.alibaba.fastjson.JSONArray com.jsh.erp.controller.FunctionsController.findRoleFunctions(java.lang.String,java.lang.String,javax.servlet.http.HttpServletRequest)
2019-04-09 20:50:03.611 [main] INFO  o.s.w.s.m.m.a.RequestMappingHandlerMapping - Mapped "{[/inOutItem/findBySelect],methods=[GET]}" onto public java.lang.String com.jsh.erp.controller.InOutItemController.findBySelect(java.lang.String,javax.servlet.http.HttpServletRequest)
2019-04-09 20:50:03.612 [main] INFO  o.s.w.s.m.m.a.RequestMappingHandlerMapping - Mapped "{[/materialCategory/findById]}" onto public com.jsh.erp.utils.BaseResponseInfo com.jsh.erp.controller.MaterialCategoryController.findById(java.lang.Long,javax.servlet.http.HttpServletRequest)
2019-04-09 20:50:03.613 [main] INFO  o.s.w.s.m.m.a.RequestMappingHandlerMapping - Mapped "{[/materialCategory/getAllList],methods=[GET]}" onto public com.jsh.erp.utils.BaseResponseInfo com.jsh.erp.controller.MaterialCategoryController.getAllList(java.lang.Long,javax.servlet.http.HttpServletRequest)
2019-04-09 20:50:03.614 [main] INFO  o.s.w.s.m.m.a.RequestMappingHandlerMapping - Mapped "{[/materialCategory/getMaterialCategoryTree]}" onto public com.alibaba.fastjson.JSONArray com.jsh.erp.controller.MaterialCategoryController.getMaterialCategoryTree(java.lang.Long) throws java.lang.Exception
2019-04-09 20:50:03.614 [main] INFO  o.s.w.s.m.m.a.RequestMappingHandlerMapping - Mapped "{[/materialCategory/editMaterialCategory]}" onto public java.lang.Object com.jsh.erp.controller.MaterialCategoryController.editMaterialCategory(java.lang.String) throws java.lang.Exception
2019-04-09 20:50:03.614 [main] INFO  o.s.w.s.m.m.a.RequestMappingHandlerMapping - Mapped "{[/materialCategory/addMaterialCategory]}" onto public java.lang.Object com.jsh.erp.controller.MaterialCategoryController.addMaterialCategory(java.lang.String) throws java.lang.Exception
2019-04-09 20:50:03.614 [main] INFO  o.s.w.s.m.m.a.RequestMappingHandlerMapping - Mapped "{[/materialCategory/batchDeleteMaterialCategory]}" onto public java.lang.Object com.jsh.erp.controller.MaterialCategoryController.batchDeleteMaterialCategory(java.lang.String) throws java.lang.Exception
2019-04-09 20:50:03.619 [main] INFO  o.s.w.s.m.m.a.RequestMappingHandlerMapping - Mapped "{[/material/findById],methods=[GET]}" onto public com.jsh.erp.utils.BaseResponseInfo com.jsh.erp.controller.MaterialController.findById(java.lang.Long,javax.servlet.http.HttpServletRequest)
2019-04-09 20:50:03.620 [main] INFO  o.s.w.s.m.m.a.RequestMappingHandlerMapping - Mapped "{[/material/findBySelect],methods=[GET]}" onto public com.alibaba.fastjson.JSONArray com.jsh.erp.controller.MaterialController.findBySelect(java.lang.String,javax.servlet.http.HttpServletRequest)
2019-04-09 20:50:03.620 [main] INFO  o.s.w.s.m.m.a.RequestMappingHandlerMapping - Mapped "{[/material/exportExcel],methods=[GET]}" onto public com.jsh.erp.utils.BaseResponseInfo com.jsh.erp.controller.MaterialController.exportExcel(java.lang.String,java.lang.String,java.lang.Long,java.lang.String,javax.servlet.http.HttpServletRequest,javax.servlet.http.HttpServletResponse)
2019-04-09 20:50:03.620 [main] INFO  o.s.w.s.m.m.a.RequestMappingHandlerMapping - Mapped "{[/material/findByOrder],methods=[GET]}" onto public com.jsh.erp.utils.BaseResponseInfo com.jsh.erp.controller.MaterialController.findByOrder(javax.servlet.http.HttpServletRequest)
2019-04-09 20:50:03.621 [main] INFO  o.s.w.s.m.m.a.RequestMappingHandlerMapping - Mapped "{[/material/importExcel],methods=[POST]}" onto public void com.jsh.erp.controller.MaterialController.importExcel(org.springframework.web.multipart.MultipartFile,javax.servlet.http.HttpServletRequest,javax.servlet.http.HttpServletResponse) throws java.lang.Exception
2019-04-09 20:50:03.621 [main] INFO  o.s.w.s.m.m.a.RequestMappingHandlerMapping - Mapped "{[/material/checkIsExist],methods=[GET]}" onto public java.lang.String com.jsh.erp.controller.MaterialController.checkIsExist(java.lang.Long,java.lang.String,java.lang.String,java.lang.String,java.lang.String,java.lang.String,java.lang.String,java.lang.String,java.lang.String,java.lang.String,java.lang.Long,javax.servlet.http.HttpServletRequest)
2019-04-09 20:50:03.622 [main] INFO  o.s.w.s.m.m.a.RequestMappingHandlerMapping - Mapped "{[/material/batchSetEnable],methods=[POST]}" onto public java.lang.String com.jsh.erp.controller.MaterialController.batchSetEnable(java.lang.Boolean,java.lang.String,javax.servlet.http.HttpServletRequest)
2019-04-09 20:50:03.652 [main] INFO  o.s.w.s.m.m.a.RequestMappingHandlerMapping - Mapped "{[/organization/findById]}" onto public com.jsh.erp.utils.BaseResponseInfo com.jsh.erp.controller.OrganizationController.findById(java.lang.Long,javax.servlet.http.HttpServletRequest) throws java.lang.Exception
2019-04-09 20:50:03.652 [main] INFO  o.s.w.s.m.m.a.RequestMappingHandlerMapping - Mapped "{[/organization/editOrganization]}" onto public java.lang.Object com.jsh.erp.controller.OrganizationController.editOrganization(java.lang.String) throws java.lang.Exception
2019-04-09 20:50:03.700 [main] INFO  o.s.w.s.m.m.a.RequestMappingHandlerMapping - Mapped "{[/organization/batchDeleteOrganization]}" onto public java.lang.Object com.jsh.erp.controller.OrganizationController.batchDeleteOrganization(java.lang.String) throws java.lang.Exception
2019-04-09 20:50:03.703 [main] INFO  o.s.w.s.m.m.a.RequestMappingHandlerMapping - Mapped "{[/organization/getOrganizationTree]}" onto public com.alibaba.fastjson.JSONArray com.jsh.erp.controller.OrganizationController.getOrganizationTree(java.lang.Long) throws java.lang.Exception
2019-04-09 20:50:03.705 [main] INFO  o.s.w.s.m.m.a.RequestMappingHandlerMapping - Mapped "{[/organization/addOrganization]}" onto public java.lang.Object com.jsh.erp.controller.OrganizationController.addOrganization(java.lang.String) throws java.lang.Exception
2019-04-09 20:50:03.709 [main] INFO  o.s.w.s.m.m.a.RequestMappingHandlerMapping - Mapped "{[/person/getAllList],methods=[GET]}" onto public com.jsh.erp.utils.BaseResponseInfo com.jsh.erp.controller.PersonController.getAllList(javax.servlet.http.HttpServletRequest)
2019-04-09 20:50:03.714 [main] INFO  o.s.w.s.m.m.a.RequestMappingHandlerMapping - Mapped "{[/person/getPersonByIds],methods=[GET]}" onto public com.jsh.erp.utils.BaseResponseInfo com.jsh.erp.controller.PersonController.getPersonByIds(java.lang.String,javax.servlet.http.HttpServletRequest)
2019-04-09 20:50:03.719 [main] INFO  o.s.w.s.m.m.a.RequestMappingHandlerMapping - Mapped "{[/person/getPersonByNumType],methods=[POST]}" onto public com.alibaba.fastjson.JSONArray com.jsh.erp.controller.PersonController.getPersonByNumType(java.lang.String,javax.servlet.http.HttpServletRequest)
2019-04-09 20:50:03.719 [main] INFO  o.s.w.s.m.m.a.RequestMappingHandlerMapping - Mapped "{[/person/getPersonByType],methods=[GET]}" onto public com.jsh.erp.utils.BaseResponseInfo com.jsh.erp.controller.PersonController.getPersonByType(java.lang.String,javax.servlet.http.HttpServletRequest)
2019-04-09 20:50:03.737 [main] INFO  o.s.w.s.m.m.a.RequestMappingHandlerMapping - Mapped "{[/{apiName}/list],methods=[GET]}" onto public java.lang.String com.jsh.erp.controller.ResourceController.getList(java.lang.String,java.lang.Integer,java.lang.Integer,java.lang.String,javax.servlet.http.HttpServletRequest)
2019-04-09 20:50:03.739 [main] INFO  o.s.w.s.m.m.a.RequestMappingHandlerMapping - Mapped "{[/{apiName}/batchDelete],methods=[POST],produces=[application/javascript || application/json]}" onto public java.lang.String com.jsh.erp.controller.ResourceController.batchDeleteResource(java.lang.String,java.lang.String,javax.servlet.http.HttpServletRequest)
2019-04-09 20:50:03.740 [main] INFO  o.s.w.s.m.m.a.RequestMappingHandlerMapping - Mapped "{[/test/heart],methods=[GET]}" onto public com.alibaba.fastjson.JSONObject com.jsh.erp.controller.ResourceController.exitHeart(javax.servlet.http.HttpServletRequest)
2019-04-09 20:50:03.740 [main] INFO  o.s.w.s.m.m.a.RequestMappingHandlerMapping - Mapped "{[/{apiName}/{id}/delete],methods=[POST],produces=[application/javascript || application/json]}" onto public java.lang.String com.jsh.erp.controller.ResourceController.deleteResource(java.lang.String,java.lang.Long,javax.servlet.http.HttpServletRequest)
2019-04-09 20:50:03.741 [main] INFO  o.s.w.s.m.m.a.RequestMappingHandlerMapping - Mapped "{[/{apiName}/update],methods=[POST],produces=[application/javascript || application/json]}" onto public java.lang.String com.jsh.erp.controller.ResourceController.updateResource(java.lang.String,java.lang.String,java.lang.Long,javax.servlet.http.HttpServletRequest)
2019-04-09 20:50:03.750 [main] INFO  o.s.w.s.m.m.a.RequestMappingHandlerMapping - Mapped "{[/{apiName}/checkIsNameExist],methods=[GET]}" onto public java.lang.String com.jsh.erp.controller.ResourceController.checkIsNameExist(java.lang.String,java.lang.Long,java.lang.String,javax.servlet.http.HttpServletRequest)
2019-04-09 20:50:03.751 [main] INFO  o.s.w.s.m.m.a.RequestMappingHandlerMapping - Mapped "{[/{apiName}/add],methods=[POST],produces=[application/javascript || application/json]}" onto public java.lang.String com.jsh.erp.controller.ResourceController.addResource(java.lang.String,java.lang.String,javax.servlet.http.HttpServletRequest)
2019-04-09 20:50:03.753 [main] INFO  o.s.w.s.m.m.a.RequestMappingHandlerMapping - Mapped "{[/role/findUserRole],methods=[POST]}" onto public com.alibaba.fastjson.JSONArray com.jsh.erp.controller.RoleController.findUserRole(java.lang.String,java.lang.String,javax.servlet.http.HttpServletRequest)
2019-04-09 20:50:03.754 [main] INFO  o.s.w.s.m.m.a.RequestMappingHandlerMapping - Mapped "{[/serialNumber/addSerialNumber],methods=[POST]}" onto public java.lang.Object com.jsh.erp.controller.SerialNumberController.addSerialNumber(java.lang.String)
2019-04-09 20:50:03.754 [main] INFO  o.s.w.s.m.m.a.RequestMappingHandlerMapping - Mapped "{[/serialNumber/batAddSerialNumber],methods=[POST]}" onto public java.lang.Object com.jsh.erp.controller.SerialNumberController.batAddSerialNumber(java.lang.String,java.lang.String,java.lang.Integer,java.lang.String)
2019-04-09 20:50:03.754 [main] INFO  o.s.w.s.m.m.a.RequestMappingHandlerMapping - Mapped "{[/serialNumber/updateSerialNumber],methods=[POST]}" onto public java.lang.Object com.jsh.erp.controller.SerialNumberController.updateSerialNumber(java.lang.String)
2019-04-09 20:50:03.754 [main] INFO  o.s.w.s.m.m.a.RequestMappingHandlerMapping - Mapped "{[/serialNumber/checkIsExist],methods=[POST]}" onto public java.lang.Object com.jsh.erp.controller.SerialNumberController.checkIsExist(java.lang.Long,java.lang.String,java.lang.String,javax.servlet.http.HttpServletRequest) throws java.lang.Exception
2019-04-09 20:50:03.760 [main] INFO  o.s.w.s.m.m.a.RequestMappingHandlerMapping - Mapped "{[/supplier/findById],methods=[GET]}" onto public com.jsh.erp.utils.BaseResponseInfo com.jsh.erp.controller.SupplierController.findById(java.lang.Long,javax.servlet.http.HttpServletRequest)
2019-04-09 20:50:03.761 [main] INFO  o.s.w.s.m.m.a.RequestMappingHandlerMapping - Mapped "{[/supplier/importExcelCustomer],methods=[POST]}" onto public void com.jsh.erp.controller.SupplierController.importExcelCustomer(org.springframework.web.multipart.MultipartFile,javax.servlet.http.HttpServletRequest,javax.servlet.http.HttpServletResponse) throws java.lang.Exception
2019-04-09 20:50:03.761 [main] INFO  o.s.w.s.m.m.a.RequestMappingHandlerMapping - Mapped "{[/supplier/updateAdvanceIn],methods=[POST]}" onto public java.lang.String com.jsh.erp.controller.SupplierController.updateAdvanceIn(java.lang.Long,java.math.BigDecimal,javax.servlet.http.HttpServletRequest)
2019-04-09 20:50:03.761 [main] INFO  o.s.w.s.m.m.a.RequestMappingHandlerMapping - Mapped "{[/supplier/importExcelVendor],methods=[POST]}" onto public void com.jsh.erp.controller.SupplierController.importExcelVendor(org.springframework.web.multipart.MultipartFile,javax.servlet.http.HttpServletRequest,javax.servlet.http.HttpServletResponse) throws java.lang.Exception
2019-04-09 20:50:03.761 [main] INFO  o.s.w.s.m.m.a.RequestMappingHandlerMapping - Mapped "{[/supplier/findBySelect_sup],methods=[POST]}" onto public com.alibaba.fastjson.JSONArray com.jsh.erp.controller.SupplierController.findBySelectSup(javax.servlet.http.HttpServletRequest)
2019-04-09 20:50:03.761 [main] INFO  o.s.w.s.m.m.a.RequestMappingHandlerMapping - Mapped "{[/supplier/importExcelMember],methods=[POST]}" onto public void com.jsh.erp.controller.SupplierController.importExcelMember(org.springframework.web.multipart.MultipartFile,javax.servlet.http.HttpServletRequest,javax.servlet.http.HttpServletResponse) throws java.lang.Exception
2019-04-09 20:50:03.761 [main] INFO  o.s.w.s.m.m.a.RequestMappingHandlerMapping - Mapped "{[/supplier/findUserCustomer],methods=[POST]}" onto public com.alibaba.fastjson.JSONArray com.jsh.erp.controller.SupplierController.findUserCustomer(java.lang.String,java.lang.String,javax.servlet.http.HttpServletRequest)
2019-04-09 20:50:03.762 [main] INFO  o.s.w.s.m.m.a.RequestMappingHandlerMapping - Mapped "{[/supplier/findBySelect_retail],methods=[POST]}" onto public com.alibaba.fastjson.JSONArray com.jsh.erp.controller.SupplierController.findBySelectRetail(javax.servlet.http.HttpServletRequest)
2019-04-09 20:50:03.764 [main] INFO  o.s.w.s.m.m.a.RequestMappingHandlerMapping - Mapped "{[/supplier/findBySelect_cus],methods=[POST]}" onto public com.alibaba.fastjson.JSONArray com.jsh.erp.controller.SupplierController.findBySelectCus(javax.servlet.http.HttpServletRequest)
2019-04-09 20:50:03.765 [main] INFO  o.s.w.s.m.m.a.RequestMappingHandlerMapping - Mapped "{[/supplier/exportExcel],methods=[GET]}" onto public com.jsh.erp.utils.BaseResponseInfo com.jsh.erp.controller.SupplierController.exportExcel(java.lang.String,java.lang.String,java.lang.String,java.lang.String,java.lang.String,javax.servlet.http.HttpServletRequest,javax.servlet.http.HttpServletResponse)
2019-04-09 20:50:03.766 [main] INFO  o.s.w.s.m.m.a.RequestMappingHandlerMapping - Mapped "{[/supplier/batchSetEnable],methods=[POST]}" onto public java.lang.String com.jsh.erp.controller.SupplierController.batchSetEnable(java.lang.Boolean,java.lang.String,javax.servlet.http.HttpServletRequest)
2019-04-09 20:50:03.769 [main] INFO  o.s.w.s.m.m.a.RequestMappingHandlerMapping - Mapped "{[/userBusiness/getBasicData],methods=[GET]}" onto public com.jsh.erp.utils.BaseResponseInfo com.jsh.erp.controller.UserBusinessController.getBasicData(java.lang.String,java.lang.String,javax.servlet.http.HttpServletRequest)
2019-04-09 20:50:03.770 [main] INFO  o.s.w.s.m.m.a.RequestMappingHandlerMapping - Mapped "{[/userBusiness/checkIsValueExist],methods=[GET]}" onto public java.lang.String com.jsh.erp.controller.UserBusinessController.checkIsValueExist(java.lang.String,java.lang.String,javax.servlet.http.HttpServletRequest)
2019-04-09 20:50:03.770 [main] INFO  o.s.w.s.m.m.a.RequestMappingHandlerMapping - Mapped "{[/userBusiness/updateBtnStr],methods=[POST]}" onto public com.jsh.erp.utils.BaseResponseInfo com.jsh.erp.controller.UserBusinessController.updateBtnStr(java.lang.Long,java.lang.String,javax.servlet.http.HttpServletRequest)
2019-04-09 20:50:03.772 [main] INFO  o.s.w.s.m.m.a.RequestMappingHandlerMapping - Mapped "{[/user/getUserSession],methods=[GET]}" onto public com.jsh.erp.utils.BaseResponseInfo com.jsh.erp.controller.UserController.getSessionUser(javax.servlet.http.HttpServletRequest)
2019-04-09 20:50:03.773 [main] INFO  o.s.w.s.m.m.a.RequestMappingHandlerMapping - Mapped "{[/user/updatePwd],methods=[POST]}" onto public java.lang.String com.jsh.erp.controller.UserController.updatePwd(java.lang.Long,java.lang.String,java.lang.String,javax.servlet.http.HttpServletRequest)
2019-04-09 20:50:03.773 [main] INFO  o.s.w.s.m.m.a.RequestMappingHandlerMapping - Mapped "{[/user/getUserList],methods=[GET]}" onto public java.lang.String com.jsh.erp.controller.UserController.getUserList(java.lang.Integer,java.lang.Integer,java.lang.String) throws java.lang.Exception
2019-04-09 20:50:03.774 [main] INFO  o.s.w.s.m.m.a.RequestMappingHandlerMapping - Mapped "{[/user/updateUser],methods=[POST]}" onto public java.lang.Object com.jsh.erp.controller.UserController.updateUser(java.lang.String,java.lang.Long) throws java.lang.Exception
2019-04-09 20:50:03.774 [main] INFO  o.s.w.s.m.m.a.RequestMappingHandlerMapping - Mapped "{[/user/deleteUser],methods=[POST]}" onto public java.lang.Object com.jsh.erp.controller.UserController.deleteUser(java.lang.String) throws java.lang.Exception
2019-04-09 20:50:03.774 [main] INFO  o.s.w.s.m.m.a.RequestMappingHandlerMapping - Mapped "{[/user/batchDeleteUser],methods=[POST]}" onto public java.lang.Object com.jsh.erp.controller.UserController.batchDeleteUser(java.lang.String) throws java.lang.Exception
2019-04-09 20:50:03.774 [main] INFO  o.s.w.s.m.m.a.RequestMappingHandlerMapping - Mapped "{[/user/getOrganizationUserTree]}" onto public com.alibaba.fastjson.JSONArray com.jsh.erp.controller.UserController.getOrganizationUserTree() throws java.lang.Exception
2019-04-09 20:50:03.774 [main] INFO  o.s.w.s.m.m.a.RequestMappingHandlerMapping - Mapped "{[/user/addUser],methods=[POST]}" onto public java.lang.Object com.jsh.erp.controller.UserController.addUser(java.lang.String) throws java.lang.Exception
2019-04-09 20:50:03.774 [main] INFO  o.s.w.s.m.m.a.RequestMappingHandlerMapping - Mapped "{[/user/logout],methods=[GET]}" onto public com.jsh.erp.utils.BaseResponseInfo com.jsh.erp.controller.UserController.logout(javax.servlet.http.HttpServletRequest,javax.servlet.http.HttpServletResponse)
2019-04-09 20:50:03.774 [main] INFO  o.s.w.s.m.m.a.RequestMappingHandlerMapping - Mapped "{[/user/resetPwd],methods=[POST]}" onto public java.lang.String com.jsh.erp.controller.UserController.resetPwd(java.lang.Long,javax.servlet.http.HttpServletRequest) throws java.security.NoSuchAlgorithmException
2019-04-09 20:50:03.775 [main] INFO  o.s.w.s.m.m.a.RequestMappingHandlerMapping - Mapped "{[/user/login],methods=[POST]}" onto public com.jsh.erp.utils.BaseResponseInfo com.jsh.erp.controller.UserController.login(java.lang.String,java.lang.String,javax.servlet.http.HttpServletRequest)
2019-04-09 20:50:03.775 [main] INFO  o.s.w.s.m.m.a.RequestMappingHandlerMapping - Mapped "{[/user/getAllList],methods=[GET]}" onto public com.jsh.erp.utils.BaseResponseInfo com.jsh.erp.controller.UserController.getAllList(javax.servlet.http.HttpServletRequest)
2019-04-09 20:50:03.785 [main] INFO  o.s.w.s.m.m.a.RequestMappingHandlerMapping - Mapped "{[/error]}" onto public org.springframework.http.ResponseEntity<java.util.Map<java.lang.String, java.lang.Object>> org.springframework.boot.autoconfigure.web.servlet.error.BasicErrorController.error(javax.servlet.http.HttpServletRequest)
2019-04-09 20:50:03.786 [main] INFO  o.s.w.s.m.m.a.RequestMappingHandlerMapping - Mapped "{[/error],produces=[text/html]}" onto public org.springframework.web.servlet.ModelAndView org.springframework.boot.autoconfigure.web.servlet.error.BasicErrorController.errorHtml(javax.servlet.http.HttpServletRequest,javax.servlet.http.HttpServletResponse)
2019-04-09 20:50:03.959 [main] INFO  o.s.web.servlet.handler.SimpleUrlHandlerMapping - Mapped URL path [/webjars/**] onto handler of type [class org.springframework.web.servlet.resource.ResourceHttpRequestHandler]
2019-04-09 20:50:03.960 [main] INFO  o.s.web.servlet.handler.SimpleUrlHandlerMapping - Mapped URL path [/**] onto handler of type [class org.springframework.web.servlet.resource.ResourceHttpRequestHandler]
2019-04-09 20:50:04.026 [main] INFO  o.s.w.s.m.m.a.ExceptionHandlerExceptionResolver - Detected @ExceptionHandler methods in globalExceptionHandler
2019-04-09 20:50:04.136 [main] INFO  o.s.web.servlet.handler.SimpleUrlHandlerMapping - Mapped URL path [/**/favicon.ico] onto handler of type [class org.springframework.web.servlet.resource.ResourceHttpRequestHandler]
2019-04-09 20:50:04.324 [main] INFO  o.s.b.a.web.servlet.WelcomePageHandlerMapping - Adding welcome page: ServletContext resource [/index.html]
2019-04-09 20:50:05.217 [main] INFO  o.s.jmx.export.annotation.AnnotationMBeanExporter - Registering beans for JMX exposure on startup
2019-04-09 20:50:05.219 [main] INFO  o.s.jmx.export.annotation.AnnotationMBeanExporter - Bean with name 'dataSource' has been autodetected for JMX exposure
2019-04-09 20:50:05.229 [main] INFO  o.s.jmx.export.annotation.AnnotationMBeanExporter - Located MBean 'dataSource': registering with JMX server as MBean [com.zaxxer.hikari:name=dataSource,type=HikariDataSource]
2019-04-09 20:50:05.263 [main] INFO  org.apache.coyote.http11.Http11NioProtocol - Starting ProtocolHandler ["http-nio-8080"]
2019-04-09 20:50:05.286 [main] INFO  org.apache.tomcat.util.net.NioSelectorPool - Using a shared selector for servlet write/read
2019-04-09 20:50:05.378 [main] INFO  o.s.boot.web.embedded.tomcat.TomcatWebServer - Tomcat started on port(s): 8080 (http) with context path ''
2019-04-09 20:50:05.384 [main] INFO  com.jsh.erp.ErpApplication - Started ErpApplication in 15.236 seconds (JVM running for 25.446)
2019-04-09 20:50:57.775 [http-nio-8080-exec-1] INFO  o.a.c.core.ContainerBase.[Tomcat].[localhost].[/] - Initializing Spring FrameworkServlet 'dispatcherServlet'
2019-04-09 20:50:57.776 [http-nio-8080-exec-1] INFO  org.springframework.web.servlet.DispatcherServlet - FrameworkServlet 'dispatcherServlet': initialization started
2019-04-09 20:50:57.809 [http-nio-8080-exec-1] INFO  org.springframework.web.servlet.DispatcherServlet - FrameworkServlet 'dispatcherServlet': initialization completed in 33 ms
2019-04-09 20:53:55.929 [http-nio-8080-exec-8] INFO  com.jsh.erp.controller.ResourceController - ============用户登录 login 方法调用开始==============
2019-04-09 20:53:56.121 [http-nio-8080-exec-8] INFO  com.zaxxer.hikari.HikariDataSource - HikariPool-1 - Starting...
2019-04-09 20:53:56.715 [http-nio-8080-exec-8] INFO  com.zaxxer.hikari.HikariDataSource - HikariPool-1 - Start completed.
2019-04-09 20:53:56.874 [http-nio-8080-exec-8] INFO  com.jsh.erp.controller.ResourceController - ===============用户登录 login 方法调用结束===============
2019-04-09 20:54:11.974 [http-nio-8080-exec-7] INFO  com.jsh.erp.controller.ResourceController - ============用户登录 login 方法调用开始==============
2019-04-09 20:54:11.979 [http-nio-8080-exec-7] INFO  com.jsh.erp.controller.ResourceController - ===============用户登录 login 方法调用结束===============
2019-04-09 20:55:28.040 [http-nio-8080-exec-1] INFO  com.jsh.erp.controller.ResourceController - ============用户登录 login 方法调用开始==============
2019-04-09 20:55:28.045 [http-nio-8080-exec-1] INFO  com.jsh.erp.controller.ResourceController - ===============用户登录 login 方法调用结束===============
2019-04-09 20:57:16.135 [http-nio-8080-exec-6] INFO  com.jsh.erp.controller.ResourceController - ============用户登录 login 方法调用开始==============
2019-04-09 20:57:16.203 [http-nio-8080-exec-6] INFO  com.jsh.erp.controller.ResourceController - ===============用户登录 login 方法调用结束===============
2019-04-09 21:31:25.555 [http-nio-8080-exec-3] INFO  com.jsh.erp.controller.ResourceController - ============用户登录 login 方法调用开始==============
2019-04-09 21:31:30.073 [http-nio-8080-exec-5] INFO  com.jsh.erp.controller.ResourceController - ============用户登录 login 方法调用开始==============
2019-04-09 21:31:43.604 [http-nio-8080-exec-6] INFO  com.jsh.erp.controller.ResourceController - ============用户登录 login 方法调用开始==============
2019-04-09 21:32:11.278 [http-nio-8080-exec-4] INFO  com.jsh.erp.controller.ResourceController - ============用户登录 login 方法调用开始==============
2019-04-09 21:32:36.817 [http-nio-8080-exec-1] INFO  com.jsh.erp.controller.ResourceController - ============用户登录 login 方法调用开始==============
2019-04-09 21:33:23.031 [http-nio-8080-exec-10] INFO  com.jsh.erp.controller.ResourceController - ============用户登录 login 方法调用开始==============
2019-04-09 21:33:24.090 [http-nio-8080-exec-8] INFO  com.jsh.erp.controller.ResourceController - ============用户登录 login 方法调用开始==============
2019-04-09 21:33:32.610 [http-nio-8080-exec-2] INFO  com.jsh.erp.controller.ResourceController - ============用户登录 login 方法调用开始==============
2019-04-09 21:33:34.863 [http-nio-8080-exec-9] INFO  com.jsh.erp.controller.ResourceController - ============用户登录 login 方法调用开始==============
2019-04-09 21:34:29.536 [http-nio-8080-exec-7] INFO  com.jsh.erp.controller.ResourceController - ============用户登录 login 方法调用开始==============
2019-04-09 21:36:42.210 [http-nio-8080-exec-6] INFO  com.jsh.erp.controller.ResourceController - ============用户登录 login 方法调用开始==============
2019-04-09 21:37:05.887 [http-nio-8080-exec-4] INFO  com.jsh.erp.controller.ResourceController - ============用户登录 login 方法调用开始==============
2019-04-09 21:46:57.374 [http-nio-8080-exec-8] INFO  com.jsh.erp.controller.ResourceController - ============用户登录 login 方法调用开始==============
2019-04-09 21:48:49.911 [http-nio-8080-exec-7] INFO  com.jsh.erp.controller.ResourceController - ============用户登录 login 方法调用开始==============
2019-04-09 21:50:43.557 [http-nio-8080-exec-6] INFO  com.jsh.erp.controller.ResourceController - ============用户登录 login 方法调用开始==============
2019-04-09 21:52:56.229 [http-nio-8080-exec-10] INFO  com.jsh.erp.controller.ResourceController - ============用户登录 login 方法调用开始==============
2019-04-09 21:54:24.503 [http-nio-8080-exec-9] INFO  com.jsh.erp.controller.ResourceController - ============用户登录 login 方法调用开始==============
2019-04-09 21:54:37.191 [http-nio-8080-exec-7] INFO  com.jsh.erp.controller.ResourceController - ============用户登录 login 方法调用开始==============
2019-04-09 21:54:51.929 [http-nio-8080-exec-3] INFO  com.jsh.erp.controller.ResourceController - ============用户登录 login 方法调用开始==============
2019-04-09 22:00:01.721 [http-nio-8080-exec-4] INFO  com.jsh.erp.controller.ResourceController - ============用户登录 login 方法调用开始==============
2019-04-09 22:00:03.050 [http-nio-8080-exec-1] INFO  com.jsh.erp.controller.ResourceController - ============用户登录 login 方法调用开始==============
2019-04-09 22:00:03.311 [http-nio-8080-exec-10] INFO  com.jsh.erp.controller.ResourceController - ============用户登录 login 方法调用开始==============
2019-04-09 22:02:06.018 [http-nio-8080-exec-5] INFO  com.jsh.erp.controller.ResourceController - ============用户登录 login 方法调用开始==============
2019-04-09 22:02:11.333 [http-nio-8080-exec-6] INFO  com.jsh.erp.controller.ResourceController - ============用户登录 login 方法调用开始==============
2019-04-09 22:03:05.747 [http-nio-8080-exec-4] INFO  com.jsh.erp.controller.ResourceController - ============用户登录 login 方法调用开始==============
2019-04-09 23:26:09.744 [http-nio-8080-exec-7] INFO  com.jsh.erp.controller.ResourceController - ============用户登录 login 方法调用开始==============
2019-04-09 23:26:35.927 [http-nio-8080-exec-3] INFO  com.jsh.erp.controller.ResourceController - ============用户登录 login 方法调用开始==============
2019-04-09 23:26:36.855 [http-nio-8080-exec-5] INFO  com.jsh.erp.controller.ResourceController - ============用户登录 login 方法调用开始==============
2019-04-09 23:26:48.474 [http-nio-8080-exec-6] INFO  com.jsh.erp.controller.ResourceController - ============用户登录 login 方法调用开始==============
2019-04-09 23:26:49.605 [http-nio-8080-exec-4] INFO  com.jsh.erp.controller.ResourceController - ============用户登录 login 方法调用开始==============
2019-04-09 23:27:00.904 [http-nio-8080-exec-1] INFO  com.jsh.erp.controller.ResourceController - ============用户登录 login 方法调用开始==============
2019-04-09 23:28:29.382 [http-nio-8080-exec-10] INFO  com.jsh.erp.controller.ResourceController - ============用户登录 login 方法调用开始==============
2019-04-09 23:28:29.411 [http-nio-8080-exec-10] INFO  com.jsh.erp.controller.ResourceController - ===============用户登录 login 方法调用结束===============
2019-04-09 23:29:44.757 [http-nio-8080-exec-8] INFO  com.jsh.erp.controller.ResourceController - ============用户登录 login 方法调用开始==============
2019-04-09 23:29:44.758 [http-nio-8080-exec-8] INFO  com.jsh.erp.controller.ResourceController - ====用户 jsh已经登录过, login 方法调用结束====
2019-04-09 23:29:44.769 [http-nio-8080-exec-8] INFO  com.jsh.erp.controller.ResourceController - ===============用户登录 login 方法调用结束===============
2019-04-09 23:31:32.187 [http-nio-8080-exec-6] INFO  com.jsh.erp.controller.ResourceController - ============用户登录 login 方法调用开始==============
2019-04-09 23:31:32.188 [http-nio-8080-exec-6] INFO  com.jsh.erp.controller.ResourceController - ====用户 jsh已经登录过, login 方法调用结束====
2019-04-09 23:31:32.203 [http-nio-8080-exec-6] INFO  com.jsh.erp.controller.ResourceController - ===============用户登录 login 方法调用结束===============
2019-04-09 23:33:22.542 [http-nio-8080-exec-7] INFO  com.jsh.erp.controller.ResourceController - ============用户登录 login 方法调用开始==============
2019-04-09 23:36:56.774 [http-nio-8080-exec-9] INFO  com.jsh.erp.controller.ResourceController - ============用户登录 login 方法调用开始==============
2019-04-09 23:59:00.831 [main] INFO  com.jsh.erp.ErpApplication - Starting ErpApplication on DESKTOP-EBQE0QJ with PID 8672 (D:\IdeaProjects\JSH_ERP\target\classes started by HY in D:\IdeaProjects\JSH_ERP)
2019-04-09 23:59:00.836 [main] INFO  com.jsh.erp.ErpApplication - No active profile set, falling back to default profiles: default
2019-04-09 23:59:00.942 [main] INFO  o.s.b.w.s.c.AnnotationConfigServletWebServerApplicationContext - Refreshing org.springframework.boot.web.servlet.context.AnnotationConfigServletWebServerApplicationContext@61862a7f: startup date [Tue Apr 09 23:59:00 CST 2019]; root of context hierarchy
2019-04-09 23:59:07.247 [main] INFO  o.s.boot.web.embedded.tomcat.TomcatWebServer - Tomcat initialized with port(s): 8080 (http)
2019-04-09 23:59:07.295 [main] INFO  org.apache.coyote.http11.Http11NioProtocol - Initializing ProtocolHandler ["http-nio-8080"]
2019-04-09 23:59:07.314 [main] INFO  org.apache.catalina.core.StandardService - Starting service [Tomcat]
2019-04-09 23:59:07.314 [main] INFO  org.apache.catalina.core.StandardEngine - Starting Servlet Engine: Apache Tomcat/8.5.28
2019-04-09 23:59:07.326 [localhost-startStop-1] INFO  org.apache.catalina.core.AprLifecycleListener - The APR based Apache Tomcat Native library which allows optimal performance in production environments was not found on the java.library.path: [C:\Program Files\Java\jdk1.8.0_171\bin;C:\WINDOWS\Sun\Java\bin;C:\WINDOWS\system32;C:\WINDOWS;D:\软件\apache-maven-3.3.9-bin\bin;C:\Windows\System32;D:\Program Files\bin;C:\Program Files\Java\jdk1.8.0_171\bin;D:\SVN\bin;C:\Program Files\TortoiseSVN\bin;D:\soft\Git\Git\cmd;D:\soft\TortoiseGit\bin;;.]
2019-04-09 23:59:07.519 [localhost-startStop-1] INFO  o.a.c.core.ContainerBase.[Tomcat].[localhost].[/] - Initializing Spring embedded WebApplicationContext
2019-04-09 23:59:07.520 [localhost-startStop-1] INFO  org.springframework.web.context.ContextLoader - Root WebApplicationContext: initialization completed in 6578 ms
2019-04-09 23:59:07.755 [localhost-startStop-1] INFO  o.s.boot.web.servlet.ServletRegistrationBean - Servlet dispatcherServlet mapped to [/]
2019-04-09 23:59:07.760 [localhost-startStop-1] INFO  o.s.boot.web.servlet.FilterRegistrationBean - Mapping filter: 'characterEncodingFilter' to: [/*]
2019-04-09 23:59:07.760 [localhost-startStop-1] INFO  o.s.boot.web.servlet.FilterRegistrationBean - Mapping filter: 'hiddenHttpMethodFilter' to: [/*]
2019-04-09 23:59:07.761 [localhost-startStop-1] INFO  o.s.boot.web.servlet.FilterRegistrationBean - Mapping filter: 'httpPutFormContentFilter' to: [/*]
2019-04-09 23:59:07.761 [localhost-startStop-1] INFO  o.s.boot.web.servlet.FilterRegistrationBean - Mapping filter: 'requestContextFilter' to: [/*]
2019-04-09 23:59:07.761 [localhost-startStop-1] INFO  o.s.boot.web.servlet.FilterRegistrationBean - Mapping filter: 'LogCostFilter' to urls: [/*]
2019-04-09 23:59:10.674 [main] INFO  o.s.w.s.m.m.a.RequestMappingHandlerAdapter - Looking for @ControllerAdvice: org.springframework.boot.web.servlet.context.AnnotationConfigServletWebServerApplicationContext@61862a7f: startup date [Tue Apr 09 23:59:00 CST 2019]; root of context hierarchy
2019-04-09 23:59:10.811 [main] INFO  o.s.w.s.m.m.a.RequestMappingHandlerMapping - Mapped "{[/account/findAccountInOutList],methods=[GET]}" onto public com.jsh.erp.utils.BaseResponseInfo com.jsh.erp.controller.AccountController.findAccountInOutList(java.lang.Integer,java.lang.Integer,java.lang.Long,java.math.BigDecimal,javax.servlet.http.HttpServletRequest)
2019-04-09 23:59:10.812 [main] INFO  o.s.w.s.m.m.a.RequestMappingHandlerMapping - Mapped "{[/account/updateAmountIsDefault],methods=[POST]}" onto public java.lang.String com.jsh.erp.controller.AccountController.updateAmountIsDefault(java.lang.Boolean,java.lang.Long,javax.servlet.http.HttpServletRequest)
2019-04-09 23:59:10.813 [main] INFO  o.s.w.s.m.m.a.RequestMappingHandlerMapping - Mapped "{[/account/getAccount],methods=[GET]}" onto public com.jsh.erp.utils.BaseResponseInfo com.jsh.erp.controller.AccountController.getAccount(javax.servlet.http.HttpServletRequest)
2019-04-09 23:59:10.813 [main] INFO  o.s.w.s.m.m.a.RequestMappingHandlerMapping - Mapped "{[/account/findBySelect],methods=[GET]}" onto public java.lang.String com.jsh.erp.controller.AccountController.findBySelect(javax.servlet.http.HttpServletRequest)
2019-04-09 23:59:10.815 [main] INFO  o.s.w.s.m.m.a.RequestMappingHandlerMapping - Mapped "{[/accountHead/getDetailByNumber],methods=[GET]}" onto public com.jsh.erp.utils.BaseResponseInfo com.jsh.erp.controller.AccountHeadController.getDetailByNumber(java.lang.String,javax.servlet.http.HttpServletRequest)
2019-04-09 23:59:10.815 [main] INFO  o.s.w.s.m.m.a.RequestMappingHandlerMapping - Mapped "{[/accountHead/findTotalPay],methods=[GET]}" onto public com.jsh.erp.utils.BaseResponseInfo com.jsh.erp.controller.AccountHeadController.findTotalPay(java.lang.Integer,java.lang.String,java.lang.String,javax.servlet.http.HttpServletRequest)
2019-04-09 23:59:10.816 [main] INFO  o.s.w.s.m.m.a.RequestMappingHandlerMapping - Mapped "{[/accountHead/getMaxId],methods=[GET]}" onto public com.jsh.erp.utils.BaseResponseInfo com.jsh.erp.controller.AccountHeadController.getMaxId(javax.servlet.http.HttpServletRequest)
2019-04-09 23:59:10.817 [main] INFO  o.s.w.s.m.m.a.RequestMappingHandlerMapping - Mapped "{[/accountItem/getDetailList],methods=[GET]}" onto public com.jsh.erp.utils.BaseResponseInfo com.jsh.erp.controller.AccountItemController.getDetailList(java.lang.Long,javax.servlet.http.HttpServletRequest)
2019-04-09 23:59:10.817 [main] INFO  o.s.w.s.m.m.a.RequestMappingHandlerMapping - Mapped "{[/accountItem/saveDetials],methods=[POST]}" onto public java.lang.String com.jsh.erp.controller.AccountItemController.saveDetials(java.lang.String,java.lang.String,java.lang.String,java.lang.Long,java.lang.String,javax.servlet.http.HttpServletRequest)
2019-04-09 23:59:10.819 [main] INFO  o.s.w.s.m.m.a.RequestMappingHandlerMapping - Mapped "{[/app/findAppByUserId],methods=[GET]}" onto public com.alibaba.fastjson.JSONObject com.jsh.erp.controller.AppController.findAppByUserId(java.lang.String,javax.servlet.http.HttpServletRequest)
2019-04-09 23:59:10.820 [main] INFO  o.s.w.s.m.m.a.RequestMappingHandlerMapping - Mapped "{[/app/uploadImg],methods=[POST]}" onto public com.jsh.erp.utils.BaseResponseInfo com.jsh.erp.controller.AppController.uploadImg(org.springframework.web.multipart.MultipartFile,java.lang.String,javax.servlet.http.HttpServletRequest)
2019-04-09 23:59:10.820 [main] INFO  o.s.w.s.m.m.a.RequestMappingHandlerMapping - Mapped "{[/app/findRoleAPP],methods=[POST]}" onto public com.alibaba.fastjson.JSONArray com.jsh.erp.controller.AppController.findRoleAPP(java.lang.String,java.lang.String,javax.servlet.http.HttpServletRequest)
2019-04-09 23:59:10.822 [main] INFO  o.s.w.s.m.m.a.RequestMappingHandlerMapping - Mapped "{[/app/findDesk],methods=[GET]}" onto public com.alibaba.fastjson.JSONObject com.jsh.erp.controller.AppController.findDesk(javax.servlet.http.HttpServletRequest)
2019-04-09 23:59:10.830 [main] INFO  o.s.w.s.m.m.a.RequestMappingHandlerMapping - Mapped "{[/depot/getAllList],methods=[GET]}" onto public com.jsh.erp.utils.BaseResponseInfo com.jsh.erp.controller.DepotController.getAllList(javax.servlet.http.HttpServletRequest)
2019-04-09 23:59:10.831 [main] INFO  o.s.w.s.m.m.a.RequestMappingHandlerMapping - Mapped "{[/depot/findUserDepot],methods=[POST]}" onto public com.alibaba.fastjson.JSONArray com.jsh.erp.controller.DepotController.findUserDepot(java.lang.String,java.lang.String,javax.servlet.http.HttpServletRequest)
2019-04-09 23:59:10.832 [main] INFO  o.s.w.s.m.m.a.RequestMappingHandlerMapping - Mapped "{[/depot/getDepotList]}" onto public java.lang.String com.jsh.erp.controller.DepotController.getDepotList(java.lang.Integer,java.lang.Integer,java.lang.String)
2019-04-09 23:59:10.832 [main] INFO  o.s.w.s.m.m.a.RequestMappingHandlerMapping - Mapped "{[/depot/findDepotByUserId]}" onto public com.alibaba.fastjson.JSONArray com.jsh.erp.controller.DepotController.findDepotByUserId(java.lang.String,java.lang.String,javax.servlet.http.HttpServletRequest)
2019-04-09 23:59:10.840 [main] INFO  o.s.w.s.m.m.a.RequestMappingHandlerMapping - Mapped "{[/depotHead/findStatementAccount],methods=[GET]}" onto public com.jsh.erp.utils.BaseResponseInfo com.jsh.erp.controller.DepotHeadController.findStatementAccount(java.lang.Integer,java.lang.Integer,java.lang.String,java.lang.String,java.lang.Integer,java.lang.String,javax.servlet.http.HttpServletRequest)
2019-04-09 23:59:10.841 [main] INFO  o.s.w.s.m.m.a.RequestMappingHandlerMapping - Mapped "{[/depotHead/buildNumber],methods=[GET]}" onto public com.jsh.erp.utils.BaseResponseInfo com.jsh.erp.controller.DepotHeadController.buildNumber(javax.servlet.http.HttpServletRequest)
2019-04-09 23:59:10.841 [main] INFO  o.s.w.s.m.m.a.RequestMappingHandlerMapping - Mapped "{[/depotHead/deleteDepotHeadAndDetail]}" onto public java.lang.Object com.jsh.erp.controller.DepotHeadController.deleteDepotHeadAndDetail(java.lang.Long) throws java.lang.Exception
2019-04-09 23:59:10.841 [main] INFO  o.s.w.s.m.m.a.RequestMappingHandlerMapping - Mapped "{[/depotHead/updateDepotHeadAndDetail]}" onto public java.lang.Object com.jsh.erp.controller.DepotHeadController.updateDepotHeadAndDetail(java.lang.Long,java.lang.String,java.lang.String,java.lang.String,java.lang.String,java.math.BigDecimal) throws java.lang.Exception
2019-04-09 23:59:10.841 [main] INFO  o.s.w.s.m.m.a.RequestMappingHandlerMapping - Mapped "{[/depotHead/findInOutMaterialCount],methods=[GET]}" onto public com.jsh.erp.utils.BaseResponseInfo com.jsh.erp.controller.DepotHeadController.findInOutMaterialCount(java.lang.Integer,java.lang.Integer,java.lang.Integer,java.lang.Integer,java.lang.String,java.lang.String,java.lang.String,java.lang.String,javax.servlet.http.HttpServletRequest)
2019-04-09 23:59:10.841 [main] INFO  o.s.w.s.m.m.a.RequestMappingHandlerMapping - Mapped "{[/depotHead/findInDetail],methods=[GET]}" onto public com.jsh.erp.utils.BaseResponseInfo com.jsh.erp.controller.DepotHeadController.findInDetail(java.lang.Integer,java.lang.Integer,java.lang.Integer,java.lang.Integer,java.lang.String,java.lang.String,java.lang.String,java.lang.String,javax.servlet.http.HttpServletRequest)
2019-04-09 23:59:10.842 [main] INFO  o.s.w.s.m.m.a.RequestMappingHandlerMapping - Mapped "{[/depotHead/batchSetStatus],methods=[POST]}" onto public java.lang.String com.jsh.erp.controller.DepotHeadController.batchSetStatus(java.lang.String,java.lang.String,javax.servlet.http.HttpServletRequest)
2019-04-09 23:59:10.842 [main] INFO  o.s.w.s.m.m.a.RequestMappingHandlerMapping - Mapped "{[/depotHead/addDepotHeadAndDetail]}" onto public java.lang.Object com.jsh.erp.controller.DepotHeadController.addDepotHeadAndDetail(java.lang.String,java.lang.String,java.lang.String,java.lang.String,javax.servlet.http.HttpServletRequest) throws java.lang.Exception
2019-04-09 23:59:10.845 [main] INFO  o.s.w.s.m.m.a.RequestMappingHandlerMapping - Mapped "{[/depotHead/findByMonth],methods=[GET]}" onto public com.jsh.erp.utils.BaseResponseInfo com.jsh.erp.controller.DepotHeadController.findByMonth(java.lang.String,javax.servlet.http.HttpServletRequest)
2019-04-09 23:59:10.845 [main] INFO  o.s.w.s.m.m.a.RequestMappingHandlerMapping - Mapped "{[/depotHead/getDetailByNumber],methods=[GET]}" onto public com.jsh.erp.utils.BaseResponseInfo com.jsh.erp.controller.DepotHeadController.getDetailByNumber(java.lang.String,javax.servlet.http.HttpServletRequest)
2019-04-09 23:59:10.846 [main] INFO  o.s.w.s.m.m.a.RequestMappingHandlerMapping - Mapped "{[/depotHead/findTotalPay],methods=[GET]}" onto public com.jsh.erp.utils.BaseResponseInfo com.jsh.erp.controller.DepotHeadController.findTotalPay(java.lang.Integer,java.lang.String,java.lang.String,javax.servlet.http.HttpServletRequest)
2019-04-09 23:59:10.846 [main] INFO  o.s.w.s.m.m.a.RequestMappingHandlerMapping - Mapped "{[/depotHead/getMaxId],methods=[GET]}" onto public com.jsh.erp.utils.BaseResponseInfo com.jsh.erp.controller.DepotHeadController.getMaxId(javax.servlet.http.HttpServletRequest)
2019-04-09 23:59:10.847 [main] INFO  o.s.w.s.m.m.a.RequestMappingHandlerMapping - Mapped "{[/depotHead/batchDeleteDepotHeadAndDetail]}" onto public java.lang.Object com.jsh.erp.controller.DepotHeadController.batchDeleteDepotHeadAndDetail(java.lang.String) throws java.lang.Exception
2019-04-09 23:59:10.849 [main] INFO  o.s.w.s.m.m.a.RequestMappingHandlerMapping - Mapped "{[/depotItem/findByAll],methods=[GET]}" onto public com.jsh.erp.utils.BaseResponseInfo com.jsh.erp.controller.DepotItemController.findByAll(java.lang.Integer,java.lang.Integer,java.lang.Integer,java.lang.String,java.lang.String,java.lang.String,java.lang.String,javax.servlet.http.HttpServletRequest)
2019-04-09 23:59:10.851 [main] INFO  o.s.w.s.m.m.a.RequestMappingHandlerMapping - Mapped "{[/depotItem/exportExcel],methods=[GET]}" onto public com.jsh.erp.utils.BaseResponseInfo com.jsh.erp.controller.DepotItemController.exportExcel(java.lang.Integer,java.lang.Integer,java.lang.Integer,java.lang.String,java.lang.String,java.lang.String,javax.servlet.http.HttpServletRequest,javax.servlet.http.HttpServletResponse)
2019-04-09 23:59:10.851 [main] INFO  o.s.w.s.m.m.a.RequestMappingHandlerMapping - Mapped "{[/depotItem/getHeaderIdByMaterial],methods=[GET]}" onto public com.jsh.erp.utils.BaseResponseInfo com.jsh.erp.controller.DepotItemController.getHeaderIdByMaterial(java.lang.String,java.lang.String,javax.servlet.http.HttpServletRequest)
2019-04-09 23:59:10.852 [main] INFO  o.s.w.s.m.m.a.RequestMappingHandlerMapping - Mapped "{[/depotItem/totalCountMoney],methods=[GET]}" onto public com.jsh.erp.utils.BaseResponseInfo com.jsh.erp.controller.DepotItemController.totalCountMoney(java.lang.Integer,java.lang.String,java.lang.String,java.lang.String,javax.servlet.http.HttpServletRequest)
2019-04-09 23:59:10.852 [main] INFO  o.s.w.s.m.m.a.RequestMappingHandlerMapping - Mapped "{[/depotItem/findStockNumByMaterialId],methods=[GET]}" onto public java.lang.String com.jsh.erp.controller.DepotItemController.findStockNumByMaterialId(java.lang.Integer,java.lang.Integer,java.lang.String,java.lang.String,javax.servlet.http.HttpServletRequest)
2019-04-09 23:59:10.852 [main] INFO  o.s.w.s.m.m.a.RequestMappingHandlerMapping - Mapped "{[/depotItem/findStockNumById],methods=[GET]}" onto public java.lang.String com.jsh.erp.controller.DepotItemController.findStockNumById(java.lang.Integer,java.lang.Integer,java.lang.Integer,java.lang.String,java.lang.String,javax.servlet.http.HttpServletRequest)
2019-04-09 23:59:10.853 [main] INFO  o.s.w.s.m.m.a.RequestMappingHandlerMapping - Mapped "{[/depotItem/getDetailList],methods=[GET]}" onto public com.jsh.erp.utils.BaseResponseInfo com.jsh.erp.controller.DepotItemController.getDetailList(java.lang.Long,java.lang.String,javax.servlet.http.HttpServletRequest)
2019-04-09 23:59:10.857 [main] INFO  o.s.w.s.m.m.a.RequestMappingHandlerMapping - Mapped "{[/depotItem/saveDetials],methods=[POST]}" onto public java.lang.String com.jsh.erp.controller.DepotItemController.saveDetials(java.lang.String,java.lang.String,java.lang.String,java.lang.Long,javax.servlet.http.HttpServletRequest) throws java.lang.Exception
2019-04-09 23:59:10.857 [main] INFO  o.s.w.s.m.m.a.RequestMappingHandlerMapping - Mapped "{[/depotItem/saleOut],methods=[GET]}" onto public com.jsh.erp.utils.BaseResponseInfo com.jsh.erp.controller.DepotItemController.saleOut(java.lang.Integer,java.lang.Integer,java.lang.String,java.lang.String,java.lang.String,java.lang.String,javax.servlet.http.HttpServletRequest)
2019-04-09 23:59:10.857 [main] INFO  o.s.w.s.m.m.a.RequestMappingHandlerMapping - Mapped "{[/depotItem/buyIn],methods=[GET]}" onto public com.jsh.erp.utils.BaseResponseInfo com.jsh.erp.controller.DepotItemController.buyIn(java.lang.Integer,java.lang.Integer,java.lang.String,java.lang.String,java.lang.String,java.lang.String,javax.servlet.http.HttpServletRequest)
2019-04-09 23:59:10.857 [main] INFO  o.s.w.s.m.m.a.RequestMappingHandlerMapping - Mapped "{[/depotItem/findDetailByTypeAndMaterialId],methods=[GET]}" onto public java.lang.String com.jsh.erp.controller.DepotItemController.findDetailByTypeAndMaterialId(java.lang.Integer,java.lang.Integer,java.lang.String,javax.servlet.http.HttpServletRequest)
2019-04-09 23:59:10.859 [main] INFO  o.s.w.s.m.m.a.RequestMappingHandlerMapping - Mapped "{[/functions/findByIds],methods=[GET]}" onto public com.jsh.erp.utils.BaseResponseInfo com.jsh.erp.controller.FunctionsController.findByIds(java.lang.String,javax.servlet.http.HttpServletRequest)
2019-04-09 23:59:10.859 [main] INFO  o.s.w.s.m.m.a.RequestMappingHandlerMapping - Mapped "{[/functions/findRoleFunctions],methods=[POST]}" onto public com.alibaba.fastjson.JSONArray com.jsh.erp.controller.FunctionsController.findRoleFunctions(java.lang.String,java.lang.String,javax.servlet.http.HttpServletRequest)
2019-04-09 23:59:10.859 [main] INFO  o.s.w.s.m.m.a.RequestMappingHandlerMapping - Mapped "{[/functions/findMenu],methods=[POST]}" onto public com.alibaba.fastjson.JSONArray com.jsh.erp.controller.FunctionsController.findMenu(java.lang.String,java.lang.String,javax.servlet.http.HttpServletRequest)
2019-04-09 23:59:10.860 [main] INFO  o.s.w.s.m.m.a.RequestMappingHandlerMapping - Mapped "{[/inOutItem/findBySelect],methods=[GET]}" onto public java.lang.String com.jsh.erp.controller.InOutItemController.findBySelect(java.lang.String,javax.servlet.http.HttpServletRequest)
2019-04-09 23:59:10.862 [main] INFO  o.s.w.s.m.m.a.RequestMappingHandlerMapping - Mapped "{[/materialCategory/editMaterialCategory]}" onto public java.lang.Object com.jsh.erp.controller.MaterialCategoryController.editMaterialCategory(java.lang.String) throws java.lang.Exception
2019-04-09 23:59:10.862 [main] INFO  o.s.w.s.m.m.a.RequestMappingHandlerMapping - Mapped "{[/materialCategory/getMaterialCategoryTree]}" onto public com.alibaba.fastjson.JSONArray com.jsh.erp.controller.MaterialCategoryController.getMaterialCategoryTree(java.lang.Long) throws java.lang.Exception
2019-04-09 23:59:10.862 [main] INFO  o.s.w.s.m.m.a.RequestMappingHandlerMapping - Mapped "{[/materialCategory/addMaterialCategory]}" onto public java.lang.Object com.jsh.erp.controller.MaterialCategoryController.addMaterialCategory(java.lang.String) throws java.lang.Exception
2019-04-09 23:59:10.863 [main] INFO  o.s.w.s.m.m.a.RequestMappingHandlerMapping - Mapped "{[/materialCategory/getAllList],methods=[GET]}" onto public com.jsh.erp.utils.BaseResponseInfo com.jsh.erp.controller.MaterialCategoryController.getAllList(java.lang.Long,javax.servlet.http.HttpServletRequest)
2019-04-09 23:59:10.863 [main] INFO  o.s.w.s.m.m.a.RequestMappingHandlerMapping - Mapped "{[/materialCategory/findById]}" onto public com.jsh.erp.utils.BaseResponseInfo com.jsh.erp.controller.MaterialCategoryController.findById(java.lang.Long,javax.servlet.http.HttpServletRequest)
2019-04-09 23:59:10.868 [main] INFO  o.s.w.s.m.m.a.RequestMappingHandlerMapping - Mapped "{[/materialCategory/batchDeleteMaterialCategory]}" onto public java.lang.Object com.jsh.erp.controller.MaterialCategoryController.batchDeleteMaterialCategory(java.lang.String) throws java.lang.Exception
2019-04-09 23:59:10.870 [main] INFO  o.s.w.s.m.m.a.RequestMappingHandlerMapping - Mapped "{[/material/checkIsExist],methods=[GET]}" onto public java.lang.String com.jsh.erp.controller.MaterialController.checkIsExist(java.lang.Long,java.lang.String,java.lang.String,java.lang.String,java.lang.String,java.lang.String,java.lang.String,java.lang.String,java.lang.String,java.lang.String,java.lang.Long,javax.servlet.http.HttpServletRequest)
2019-04-09 23:59:10.870 [main] INFO  o.s.w.s.m.m.a.RequestMappingHandlerMapping - Mapped "{[/material/batchSetEnable],methods=[POST]}" onto public java.lang.String com.jsh.erp.controller.MaterialController.batchSetEnable(java.lang.Boolean,java.lang.String,javax.servlet.http.HttpServletRequest)
2019-04-09 23:59:10.871 [main] INFO  o.s.w.s.m.m.a.RequestMappingHandlerMapping - Mapped "{[/material/exportExcel],methods=[GET]}" onto public com.jsh.erp.utils.BaseResponseInfo com.jsh.erp.controller.MaterialController.exportExcel(java.lang.String,java.lang.String,java.lang.Long,java.lang.String,javax.servlet.http.HttpServletRequest,javax.servlet.http.HttpServletResponse)
2019-04-09 23:59:10.871 [main] INFO  o.s.w.s.m.m.a.RequestMappingHandlerMapping - Mapped "{[/material/importExcel],methods=[POST]}" onto public void com.jsh.erp.controller.MaterialController.importExcel(org.springframework.web.multipart.MultipartFile,javax.servlet.http.HttpServletRequest,javax.servlet.http.HttpServletResponse) throws java.lang.Exception
2019-04-09 23:59:10.871 [main] INFO  o.s.w.s.m.m.a.RequestMappingHandlerMapping - Mapped "{[/material/findByOrder],methods=[GET]}" onto public com.jsh.erp.utils.BaseResponseInfo com.jsh.erp.controller.MaterialController.findByOrder(javax.servlet.http.HttpServletRequest)
2019-04-09 23:59:10.871 [main] INFO  o.s.w.s.m.m.a.RequestMappingHandlerMapping - Mapped "{[/material/findBySelect],methods=[GET]}" onto public com.alibaba.fastjson.JSONArray com.jsh.erp.controller.MaterialController.findBySelect(java.lang.String,javax.servlet.http.HttpServletRequest)
2019-04-09 23:59:10.872 [main] INFO  o.s.w.s.m.m.a.RequestMappingHandlerMapping - Mapped "{[/material/findById],methods=[GET]}" onto public com.jsh.erp.utils.BaseResponseInfo com.jsh.erp.controller.MaterialController.findById(java.lang.Long,javax.servlet.http.HttpServletRequest)
2019-04-09 23:59:10.874 [main] INFO  o.s.w.s.m.m.a.RequestMappingHandlerMapping - Mapped "{[/organization/getOrganizationTree]}" onto public com.alibaba.fastjson.JSONArray com.jsh.erp.controller.OrganizationController.getOrganizationTree(java.lang.Long) throws java.lang.Exception
2019-04-09 23:59:10.875 [main] INFO  o.s.w.s.m.m.a.RequestMappingHandlerMapping - Mapped "{[/organization/batchDeleteOrganization]}" onto public java.lang.Object com.jsh.erp.controller.OrganizationController.batchDeleteOrganization(java.lang.String) throws java.lang.Exception
2019-04-09 23:59:10.875 [main] INFO  o.s.w.s.m.m.a.RequestMappingHandlerMapping - Mapped "{[/organization/addOrganization]}" onto public java.lang.Object com.jsh.erp.controller.OrganizationController.addOrganization(java.lang.String) throws java.lang.Exception
2019-04-09 23:59:10.875 [main] INFO  o.s.w.s.m.m.a.RequestMappingHandlerMapping - Mapped "{[/organization/editOrganization]}" onto public java.lang.Object com.jsh.erp.controller.OrganizationController.editOrganization(java.lang.String) throws java.lang.Exception
2019-04-09 23:59:10.875 [main] INFO  o.s.w.s.m.m.a.RequestMappingHandlerMapping - Mapped "{[/organization/findById]}" onto public com.jsh.erp.utils.BaseResponseInfo com.jsh.erp.controller.OrganizationController.findById(java.lang.Long,javax.servlet.http.HttpServletRequest) throws java.lang.Exception
2019-04-09 23:59:10.880 [main] INFO  o.s.w.s.m.m.a.RequestMappingHandlerMapping - Mapped "{[/person/getAllList],methods=[GET]}" onto public com.jsh.erp.utils.BaseResponseInfo com.jsh.erp.controller.PersonController.getAllList(javax.servlet.http.HttpServletRequest)
2019-04-09 23:59:10.880 [main] INFO  o.s.w.s.m.m.a.RequestMappingHandlerMapping - Mapped "{[/person/getPersonByType],methods=[GET]}" onto public com.jsh.erp.utils.BaseResponseInfo com.jsh.erp.controller.PersonController.getPersonByType(java.lang.String,javax.servlet.http.HttpServletRequest)
2019-04-09 23:59:10.881 [main] INFO  o.s.w.s.m.m.a.RequestMappingHandlerMapping - Mapped "{[/person/getPersonByNumType],methods=[POST]}" onto public com.alibaba.fastjson.JSONArray com.jsh.erp.controller.PersonController.getPersonByNumType(java.lang.String,javax.servlet.http.HttpServletRequest)
2019-04-09 23:59:10.881 [main] INFO  o.s.w.s.m.m.a.RequestMappingHandlerMapping - Mapped "{[/person/getPersonByIds],methods=[GET]}" onto public com.jsh.erp.utils.BaseResponseInfo com.jsh.erp.controller.PersonController.getPersonByIds(java.lang.String,javax.servlet.http.HttpServletRequest)
2019-04-09 23:59:10.886 [main] INFO  o.s.w.s.m.m.a.RequestMappingHandlerMapping - Mapped "{[/{apiName}/{id}/delete],methods=[POST],produces=[application/javascript || application/json]}" onto public java.lang.String com.jsh.erp.controller.ResourceController.deleteResource(java.lang.String,java.lang.Long,javax.servlet.http.HttpServletRequest)
2019-04-09 23:59:10.886 [main] INFO  o.s.w.s.m.m.a.RequestMappingHandlerMapping - Mapped "{[/test/heart],methods=[GET]}" onto public com.alibaba.fastjson.JSONObject com.jsh.erp.controller.ResourceController.exitHeart(javax.servlet.http.HttpServletRequest)
2019-04-09 23:59:10.886 [main] INFO  o.s.w.s.m.m.a.RequestMappingHandlerMapping - Mapped "{[/{apiName}/checkIsNameExist],methods=[GET]}" onto public java.lang.String com.jsh.erp.controller.ResourceController.checkIsNameExist(java.lang.String,java.lang.Long,java.lang.String,javax.servlet.http.HttpServletRequest)
2019-04-09 23:59:10.887 [main] INFO  o.s.w.s.m.m.a.RequestMappingHandlerMapping - Mapped "{[/{apiName}/batchDelete],methods=[POST],produces=[application/javascript || application/json]}" onto public java.lang.String com.jsh.erp.controller.ResourceController.batchDeleteResource(java.lang.String,java.lang.String,javax.servlet.http.HttpServletRequest)
2019-04-09 23:59:10.887 [main] INFO  o.s.w.s.m.m.a.RequestMappingHandlerMapping - Mapped "{[/{apiName}/update],methods=[POST],produces=[application/javascript || application/json]}" onto public java.lang.String com.jsh.erp.controller.ResourceController.updateResource(java.lang.String,java.lang.String,java.lang.Long,javax.servlet.http.HttpServletRequest)
2019-04-09 23:59:10.887 [main] INFO  o.s.w.s.m.m.a.RequestMappingHandlerMapping - Mapped "{[/{apiName}/add],methods=[POST],produces=[application/javascript || application/json]}" onto public java.lang.String com.jsh.erp.controller.ResourceController.addResource(java.lang.String,java.lang.String,javax.servlet.http.HttpServletRequest)
2019-04-09 23:59:10.887 [main] INFO  o.s.w.s.m.m.a.RequestMappingHandlerMapping - Mapped "{[/{apiName}/list],methods=[GET]}" onto public java.lang.String com.jsh.erp.controller.ResourceController.getList(java.lang.String,java.lang.Integer,java.lang.Integer,java.lang.String,javax.servlet.http.HttpServletRequest)
2019-04-09 23:59:10.888 [main] INFO  o.s.w.s.m.m.a.RequestMappingHandlerMapping - Mapped "{[/role/findUserRole],methods=[POST]}" onto public com.alibaba.fastjson.JSONArray com.jsh.erp.controller.RoleController.findUserRole(java.lang.String,java.lang.String,javax.servlet.http.HttpServletRequest)
2019-04-09 23:59:10.889 [main] INFO  o.s.w.s.m.m.a.RequestMappingHandlerMapping - Mapped "{[/serialNumber/checkIsExist],methods=[POST]}" onto public java.lang.Object com.jsh.erp.controller.SerialNumberController.checkIsExist(java.lang.Long,java.lang.String,java.lang.String,javax.servlet.http.HttpServletRequest) throws java.lang.Exception
2019-04-09 23:59:10.892 [main] INFO  o.s.w.s.m.m.a.RequestMappingHandlerMapping - Mapped "{[/serialNumber/addSerialNumber],methods=[POST]}" onto public java.lang.Object com.jsh.erp.controller.SerialNumberController.addSerialNumber(java.lang.String)
2019-04-09 23:59:10.893 [main] INFO  o.s.w.s.m.m.a.RequestMappingHandlerMapping - Mapped "{[/serialNumber/updateSerialNumber],methods=[POST]}" onto public java.lang.Object com.jsh.erp.controller.SerialNumberController.updateSerialNumber(java.lang.String)
2019-04-09 23:59:10.893 [main] INFO  o.s.w.s.m.m.a.RequestMappingHandlerMapping - Mapped "{[/serialNumber/batAddSerialNumber],methods=[POST]}" onto public java.lang.Object com.jsh.erp.controller.SerialNumberController.batAddSerialNumber(java.lang.String,java.lang.String,java.lang.Integer,java.lang.String)
2019-04-09 23:59:10.896 [main] INFO  o.s.w.s.m.m.a.RequestMappingHandlerMapping - Mapped "{[/supplier/batchSetEnable],methods=[POST]}" onto public java.lang.String com.jsh.erp.controller.SupplierController.batchSetEnable(java.lang.Boolean,java.lang.String,javax.servlet.http.HttpServletRequest)
2019-04-09 23:59:10.897 [main] INFO  o.s.w.s.m.m.a.RequestMappingHandlerMapping - Mapped "{[/supplier/exportExcel],methods=[GET]}" onto public com.jsh.erp.utils.BaseResponseInfo com.jsh.erp.controller.SupplierController.exportExcel(java.lang.String,java.lang.String,java.lang.String,java.lang.String,java.lang.String,javax.servlet.http.HttpServletRequest,javax.servlet.http.HttpServletResponse)
2019-04-09 23:59:10.897 [main] INFO  o.s.w.s.m.m.a.RequestMappingHandlerMapping - Mapped "{[/supplier/findBySelect_sup],methods=[POST]}" onto public com.alibaba.fastjson.JSONArray com.jsh.erp.controller.SupplierController.findBySelectSup(javax.servlet.http.HttpServletRequest)
2019-04-09 23:59:10.897 [main] INFO  o.s.w.s.m.m.a.RequestMappingHandlerMapping - Mapped "{[/supplier/findBySelect_cus],methods=[POST]}" onto public com.alibaba.fastjson.JSONArray com.jsh.erp.controller.SupplierController.findBySelectCus(javax.servlet.http.HttpServletRequest)
2019-04-09 23:59:10.897 [main] INFO  o.s.w.s.m.m.a.RequestMappingHandlerMapping - Mapped "{[/supplier/findBySelect_retail],methods=[POST]}" onto public com.alibaba.fastjson.JSONArray com.jsh.erp.controller.SupplierController.findBySelectRetail(javax.servlet.http.HttpServletRequest)
2019-04-09 23:59:10.898 [main] INFO  o.s.w.s.m.m.a.RequestMappingHandlerMapping - Mapped "{[/supplier/updateAdvanceIn],methods=[POST]}" onto public java.lang.String com.jsh.erp.controller.SupplierController.updateAdvanceIn(java.lang.Long,java.math.BigDecimal,javax.servlet.http.HttpServletRequest)
2019-04-09 23:59:10.899 [main] INFO  o.s.w.s.m.m.a.RequestMappingHandlerMapping - Mapped "{[/supplier/importExcelVendor],methods=[POST]}" onto public void com.jsh.erp.controller.SupplierController.importExcelVendor(org.springframework.web.multipart.MultipartFile,javax.servlet.http.HttpServletRequest,javax.servlet.http.HttpServletResponse) throws java.lang.Exception
2019-04-09 23:59:10.899 [main] INFO  o.s.w.s.m.m.a.RequestMappingHandlerMapping - Mapped "{[/supplier/importExcelCustomer],methods=[POST]}" onto public void com.jsh.erp.controller.SupplierController.importExcelCustomer(org.springframework.web.multipart.MultipartFile,javax.servlet.http.HttpServletRequest,javax.servlet.http.HttpServletResponse) throws java.lang.Exception
2019-04-09 23:59:10.899 [main] INFO  o.s.w.s.m.m.a.RequestMappingHandlerMapping - Mapped "{[/supplier/importExcelMember],methods=[POST]}" onto public void com.jsh.erp.controller.SupplierController.importExcelMember(org.springframework.web.multipart.MultipartFile,javax.servlet.http.HttpServletRequest,javax.servlet.http.HttpServletResponse) throws java.lang.Exception
2019-04-09 23:59:10.899 [main] INFO  o.s.w.s.m.m.a.RequestMappingHandlerMapping - Mapped "{[/supplier/findUserCustomer],methods=[POST]}" onto public com.alibaba.fastjson.JSONArray com.jsh.erp.controller.SupplierController.findUserCustomer(java.lang.String,java.lang.String,javax.servlet.http.HttpServletRequest)
2019-04-09 23:59:10.904 [main] INFO  o.s.w.s.m.m.a.RequestMappingHandlerMapping - Mapped "{[/supplier/findById],methods=[GET]}" onto public com.jsh.erp.utils.BaseResponseInfo com.jsh.erp.controller.SupplierController.findById(java.lang.Long,javax.servlet.http.HttpServletRequest)
2019-04-09 23:59:10.905 [main] INFO  o.s.w.s.m.m.a.RequestMappingHandlerMapping - Mapped "{[/userBusiness/checkIsValueExist],methods=[GET]}" onto public java.lang.String com.jsh.erp.controller.UserBusinessController.checkIsValueExist(java.lang.String,java.lang.String,javax.servlet.http.HttpServletRequest)
2019-04-09 23:59:10.906 [main] INFO  o.s.w.s.m.m.a.RequestMappingHandlerMapping - Mapped "{[/userBusiness/getBasicData],methods=[GET]}" onto public com.jsh.erp.utils.BaseResponseInfo com.jsh.erp.controller.UserBusinessController.getBasicData(java.lang.String,java.lang.String,javax.servlet.http.HttpServletRequest)
2019-04-09 23:59:10.906 [main] INFO  o.s.w.s.m.m.a.RequestMappingHandlerMapping - Mapped "{[/userBusiness/updateBtnStr],methods=[POST]}" onto public com.jsh.erp.utils.BaseResponseInfo com.jsh.erp.controller.UserBusinessController.updateBtnStr(java.lang.Long,java.lang.String,javax.servlet.http.HttpServletRequest)
2019-04-09 23:59:10.908 [main] INFO  o.s.w.s.m.m.a.RequestMappingHandlerMapping - Mapped "{[/user/getAllList],methods=[GET]}" onto public com.jsh.erp.utils.BaseResponseInfo com.jsh.erp.controller.UserController.getAllList(javax.servlet.http.HttpServletRequest)
2019-04-09 23:59:10.909 [main] INFO  o.s.w.s.m.m.a.RequestMappingHandlerMapping - Mapped "{[/user/getUserSession],methods=[GET]}" onto public com.jsh.erp.utils.BaseResponseInfo com.jsh.erp.controller.UserController.getSessionUser(javax.servlet.http.HttpServletRequest)
2019-04-09 23:59:10.909 [main] INFO  o.s.w.s.m.m.a.RequestMappingHandlerMapping - Mapped "{[/user/batchDeleteUser],methods=[POST]}" onto public java.lang.Object com.jsh.erp.controller.UserController.batchDeleteUser(java.lang.String) throws java.lang.Exception
2019-04-09 23:59:10.909 [main] INFO  o.s.w.s.m.m.a.RequestMappingHandlerMapping - Mapped "{[/user/getUserList],methods=[GET]}" onto public java.lang.String com.jsh.erp.controller.UserController.getUserList(java.lang.Integer,java.lang.Integer,java.lang.String) throws java.lang.Exception
2019-04-09 23:59:10.909 [main] INFO  o.s.w.s.m.m.a.RequestMappingHandlerMapping - Mapped "{[/user/getOrganizationUserTree]}" onto public com.alibaba.fastjson.JSONArray com.jsh.erp.controller.UserController.getOrganizationUserTree() throws java.lang.Exception
2019-04-09 23:59:10.909 [main] INFO  o.s.w.s.m.m.a.RequestMappingHandlerMapping - Mapped "{[/user/deleteUser],methods=[POST]}" onto public java.lang.Object com.jsh.erp.controller.UserController.deleteUser(java.lang.String) throws java.lang.Exception
2019-04-09 23:59:10.910 [main] INFO  o.s.w.s.m.m.a.RequestMappingHandlerMapping - Mapped "{[/user/updatePwd],methods=[POST]}" onto public java.lang.String com.jsh.erp.controller.UserController.updatePwd(java.lang.Long,java.lang.String,java.lang.String,javax.servlet.http.HttpServletRequest)
2019-04-09 23:59:10.910 [main] INFO  o.s.w.s.m.m.a.RequestMappingHandlerMapping - Mapped "{[/user/updateUser],methods=[POST]}" onto public java.lang.Object com.jsh.erp.controller.UserController.updateUser(java.lang.String,java.lang.Long) throws java.lang.Exception
2019-04-09 23:59:10.910 [main] INFO  o.s.w.s.m.m.a.RequestMappingHandlerMapping - Mapped "{[/user/resetPwd],methods=[POST]}" onto public java.lang.String com.jsh.erp.controller.UserController.resetPwd(java.lang.Long,javax.servlet.http.HttpServletRequest) throws java.security.NoSuchAlgorithmException
2019-04-09 23:59:10.910 [main] INFO  o.s.w.s.m.m.a.RequestMappingHandlerMapping - Mapped "{[/user/logout],methods=[GET]}" onto public com.jsh.erp.utils.BaseResponseInfo com.jsh.erp.controller.UserController.logout(javax.servlet.http.HttpServletRequest,javax.servlet.http.HttpServletResponse)
2019-04-09 23:59:10.926 [main] INFO  o.s.w.s.m.m.a.RequestMappingHandlerMapping - Mapped "{[/user/login],methods=[POST]}" onto public com.jsh.erp.utils.BaseResponseInfo com.jsh.erp.controller.UserController.login(java.lang.String,java.lang.String,javax.servlet.http.HttpServletRequest)
2019-04-09 23:59:10.926 [main] INFO  o.s.w.s.m.m.a.RequestMappingHandlerMapping - Mapped "{[/user/addUser],methods=[POST]}" onto public java.lang.Object com.jsh.erp.controller.UserController.addUser(java.lang.String) throws java.lang.Exception
2019-04-09 23:59:10.933 [main] INFO  o.s.w.s.m.m.a.RequestMappingHandlerMapping - Mapped "{[/error]}" onto public org.springframework.http.ResponseEntity<java.util.Map<java.lang.String, java.lang.Object>> org.springframework.boot.autoconfigure.web.servlet.error.BasicErrorController.error(javax.servlet.http.HttpServletRequest)
2019-04-09 23:59:10.934 [main] INFO  o.s.w.s.m.m.a.RequestMappingHandlerMapping - Mapped "{[/error],produces=[text/html]}" onto public org.springframework.web.servlet.ModelAndView org.springframework.boot.autoconfigure.web.servlet.error.BasicErrorController.errorHtml(javax.servlet.http.HttpServletRequest,javax.servlet.http.HttpServletResponse)
2019-04-09 23:59:10.986 [main] INFO  o.s.web.servlet.handler.SimpleUrlHandlerMapping - Mapped URL path [/webjars/**] onto handler of type [class org.springframework.web.servlet.resource.ResourceHttpRequestHandler]
2019-04-09 23:59:10.987 [main] INFO  o.s.web.servlet.handler.SimpleUrlHandlerMapping - Mapped URL path [/**] onto handler of type [class org.springframework.web.servlet.resource.ResourceHttpRequestHandler]
2019-04-09 23:59:11.055 [main] INFO  o.s.w.s.m.m.a.ExceptionHandlerExceptionResolver - Detected @ExceptionHandler methods in globalExceptionHandler
2019-04-09 23:59:11.140 [main] INFO  o.s.web.servlet.handler.SimpleUrlHandlerMapping - Mapped URL path [/**/favicon.ico] onto handler of type [class org.springframework.web.servlet.resource.ResourceHttpRequestHandler]
2019-04-09 23:59:11.272 [main] INFO  o.s.b.a.web.servlet.WelcomePageHandlerMapping - Adding welcome page: ServletContext resource [/index.html]
2019-04-09 23:59:12.120 [main] INFO  o.s.jmx.export.annotation.AnnotationMBeanExporter - Registering beans for JMX exposure on startup
2019-04-09 23:59:12.129 [main] INFO  o.s.jmx.export.annotation.AnnotationMBeanExporter - Bean with name 'dataSource' has been autodetected for JMX exposure
2019-04-09 23:59:12.136 [main] INFO  o.s.jmx.export.annotation.AnnotationMBeanExporter - Located MBean 'dataSource': registering with JMX server as MBean [com.zaxxer.hikari:name=dataSource,type=HikariDataSource]
2019-04-09 23:59:12.155 [main] INFO  org.apache.coyote.http11.Http11NioProtocol - Starting ProtocolHandler ["http-nio-8080"]
2019-04-09 23:59:12.172 [main] INFO  org.apache.tomcat.util.net.NioSelectorPool - Using a shared selector for servlet write/read
2019-04-09 23:59:12.193 [main] INFO  o.s.boot.web.embedded.tomcat.TomcatWebServer - Tomcat started on port(s): 8080 (http) with context path ''
2019-04-09 23:59:12.198 [main] INFO  com.jsh.erp.ErpApplication - Started ErpApplication in 12.27 seconds (JVM running for 13.648)
